PRT1
338
1051
4 0 46 (64 1021.8455598455603 746 ) (64 1021.8455598455603 448 ) (64 888 448 ) (64 888 746 ) 
4 0 2 (64 888 746 ) (64 888 448 ) (120 888 448 ) (120 888 746 ) 
4 0 1 (64 1020.3999999999037 448 ) (64 1021.8455598455599 448 ) (120 1021.9176319176313 448 ) (120 1020.3999999999112 448 ) 
4 1 47 (64 1021.8455598455603 440 ) (64 1020.199999994404 440 ) (64 1020.3999999999037 448 ) (64 1021.8455598455599 448 ) 
4 1 3 (64 1020.199999994404 440 ) (64 1021.8455598455599 440 ) (120 1021.917631917632 440 ) (120 1020.1999999944117 440 ) 
4 2 107 (64 112 440 ) (64 4 440 ) (64 4 746 ) (64 112 746 ) 
4 2 104 (64 240 440 ) (64 112 440 ) (64 112 447.99983637448247 ) (64 240 447.9996427348167 ) 
4 2 102 (64 112 447.99983637448247 ) (64 112 746 ) (64 240 746 ) (64 240 447.9996427348167 ) 
4 2 66 (64 752 440 ) (64 240 440 ) (64 240 746 ) (64 752 746 ) 
4 2 63 (64 880 440 ) (64 752 440 ) (64 752 447.9988681761537 ) (64 880 447.99867453648795 ) 
4 2 60 (64 752 447.9988681761537 ) (64 752 746 ) (64 880 746 ) (64 880 447.99867453648795 ) 
4 2 51 (64 888 448 ) (64 888 440 ) (64 880 440 ) (64 880 448 ) 
4 2 46 (64 888 746 ) (64 888 448 ) (64 880 448 ) (64 880 746 ) 
4 2 4 (120 4 440 ) (64 4 440 ) (64 880 440 ) (120 880 440 ) 
4 3 49 (64 1021.8455598455594 432 ) (64 908.1999999999998 432 ) (64 908.4 440 ) (64 1021.8455598455598 440 ) 
4 3 5 (120 908.2 432 ) (64 908.2 432 ) (64 1021.8455598455599 432 ) (120 1021.9176319176313 432 ) 
4 4 107 (64 112 432 ) (64 4 432 ) (64 4 440 ) (64 112 440 ) 
4 4 104 (64 240 432 ) (64 112 432 ) (64 112 440 ) (64 240 440 ) 
4 4 66 (64 752 432 ) (64 240 432 ) (64 240 440 ) (64 752 440 ) 
4 4 63 (64 880 432 ) (64 752 432 ) (64 752 440 ) (64 880 440 ) 
4 4 19 (120 4 432 ) (64 4 432 ) (64 768 432 ) (120 768 432 ) 
4 4 18 (64 768 432 ) (64 776 432 ) (120 776 432 ) (120 768 432 ) 
4 4 17 (64 776 432 ) (64 784 432 ) (120 784 432 ) (120 776 432 ) 
4 4 16 (64 784 432 ) (64 792 432 ) (120 792 432 ) (120 784 432 ) 
4 4 15 (64 792 432 ) (64 800 432 ) (120 800 432 ) (120 792 432 ) 
4 4 14 (64 800 432 ) (64 808 432 ) (120 808 432 ) (120 800 432 ) 
4 4 13 (64 808 432 ) (64 816 432 ) (120 816 432 ) (120 808 432 ) 
4 4 12 (64 816 432 ) (64 824 432 ) (120 824 432 ) (120 816 432 ) 
4 4 11 (64 824 432 ) (64 832 432 ) (120 832 432 ) (120 824 432 ) 
4 4 10 (64 832 432 ) (64 840 432 ) (120 840 432 ) (120 832 432 ) 
4 4 9 (64 840 432 ) (64 848 432 ) (120 848 432 ) (120 840 432 ) 
4 4 8 (64 848 432 ) (64 856 432 ) (120 856 432 ) (120 848 432 ) 
4 4 7 (64 856 432 ) (64 864 432 ) (120 864 432 ) (120 856 432 ) 
4 4 6 (64 864 432 ) (64 872 432 ) (120 872 432 ) (120 864 432 ) 
4 5 117 (64 960 320 ) (64 905.4 320 ) (64 908.2 432 ) (64 960 432 ) 
4 5 116 (64 1021.8455598455594 320 ) (64 960 320 ) (64 960 432 ) (64 1021.8455598455598 432 ) 
4 5 20 (64 905.4 320 ) (64 1021.8455598455598 320 ) (120 1021.9176319176319 320 ) (120 905.4 320 ) 
4 6 120 (64 864 424 ) (64 864 432 ) (64 872 432 ) (64 872 424 ) 
4 6 7 (120 864 424 ) (120 864 432 ) (64 864 432 ) (64 864 424 ) 
4 7 120 (64 856 416 ) (64 856 432 ) (64 864 432 ) (64 864 416 ) 
4 7 8 (120 856 416 ) (120 856 432 ) (64 856 432 ) (64 856 416 ) 
4 8 120 (64 848 408 ) (64 848 432 ) (64 856 432 ) (64 856 408 ) 
4 8 9 (120 848 408 ) (120 848 432 ) (64 848 432 ) (64 848 408 ) 
4 9 120 (64 840 400 ) (64 840 432 ) (64 848 432 ) (64 848 400 ) 
4 9 10 (120 840 400 ) (120 840 432 ) (64 840 432 ) (64 840 400 ) 
4 10 120 (64 832 392 ) (64 832 432 ) (64 840 432 ) (64 840 392 ) 
4 10 11 (120 832 392 ) (120 832 432 ) (64 832 432 ) (64 832 392 ) 
4 11 120 (64 824 384 ) (64 824 432 ) (64 832 432 ) (64 832 384 ) 
4 11 12 (120 824 384 ) (120 824 432 ) (64 824 432 ) (64 824 384 ) 
4 12 120 (64 816 376 ) (64 816 432 ) (64 824 432 ) (64 824 376 ) 
4 12 13 (120 816 376 ) (120 816 432 ) (64 816 432 ) (64 816 376 ) 
4 13 120 (64 808 368 ) (64 808 432 ) (64 816 432 ) (64 816 368 ) 
4 13 14 (120 808 368 ) (120 808 432 ) (64 808 432 ) (64 808 368 ) 
4 14 120 (64 800 360 ) (64 800 432 ) (64 808 432 ) (64 808 360 ) 
4 14 15 (120 800 360 ) (120 800 432 ) (64 800 432 ) (64 800 360 ) 
4 15 120 (64 792 352 ) (64 792 432 ) (64 800 432 ) (64 800 352 ) 
4 15 16 (120 792 352 ) (120 792 432 ) (64 792 432 ) (64 792 352 ) 
4 16 120 (64 784 344 ) (64 784 432 ) (64 792 432 ) (64 792 344 ) 
4 16 17 (120 784 344 ) (120 784 432 ) (64 784 432 ) (64 784 344 ) 
4 17 120 (64 776 336 ) (64 776 432 ) (64 784 432 ) (64 784 336 ) 
4 17 18 (120 776 336 ) (120 776 432 ) (64 776 432 ) (64 776 336 ) 
4 18 120 (64 768 328 ) (64 768 432 ) (64 776 432 ) (64 776 328 ) 
4 18 19 (120 768 328 ) (120 768 432 ) (64 768 432 ) (64 768 328 ) 
4 19 120 (64 768 320 ) (64 4 320 ) (64 4 432 ) (64 768 432 ) 
4 19 28 (120 4 320 ) (64 4 320 ) (64 704 320 ) (120 704 320 ) 
4 19 27 (64 704 320 ) (64 712 320 ) (120 712 320 ) (120 704 320 ) 
4 19 26 (64 712 320 ) (64 720 320 ) (120 720 320 ) (120 712 320 ) 
4 19 25 (64 720 320 ) (64 728 320 ) (120 728 320 ) (120 720 320 ) 
4 19 24 (64 728 320 ) (64 736 320 ) (120 736 320 ) (120 728 320 ) 
4 19 23 (64 736 320 ) (64 744 320 ) (120 744 320 ) (120 736 320 ) 
4 19 22 (64 744 320 ) (64 752 320 ) (120 752 320 ) (120 744 320 ) 
4 19 21 (64 752 320 ) (64 760 320 ) (120 760 320 ) (120 752 320 ) 
4 20 120 (64 896 256 ) (64 832 256 ) (64 832 320 ) (64 896 320 ) 
4 20 117 (64 960 256 ) (64 896 256 ) (64 896 320 ) (64 960 320 ) 
4 20 116 (64 1021.8455598455603 256 ) (64 960 256 ) (64 960 320 ) (64 1021.8455598455598 320 ) 
4 20 29 (120 832 256 ) (64 832 256 ) (64 1021.8455598455598 256 ) (120 1021.9176319176313 256 ) 
4 21 120 (64 752 312 ) (64 752 320 ) (64 760 320 ) (64 760 312 ) 
4 21 22 (120 752 312 ) (120 752 320 ) (64 752 320 ) (64 752 312 ) 
4 22 120 (64 744 304 ) (64 744 320 ) (64 752 320 ) (64 752 304 ) 
4 22 23 (120 744 304 ) (120 744 320 ) (64 744 320 ) (64 744 304 ) 
4 23 120 (64 736 296 ) (64 736 320 ) (64 744 320 ) (64 744 296 ) 
4 23 24 (120 736 320 ) (64 736 320 ) (64 736 296 ) (120 736 296 ) 
4 24 120 (64 728 288 ) (64 728 320 ) (64 736 320 ) (64 736 288 ) 
4 24 25 (120 728 288 ) (120 728 320 ) (64 728 320 ) (64 728 288 ) 
4 25 120 (64 720 280 ) (64 720 320 ) (64 728 320 ) (64 728 280 ) 
4 25 26 (120 720 280 ) (120 720 320 ) (64 720 320 ) (64 720 280 ) 
4 26 120 (64 712 272 ) (64 712 320 ) (64 720 320 ) (64 720 272 ) 
4 26 27 (120 712 272 ) (120 712 320 ) (64 712 320 ) (64 712 272 ) 
4 27 120 (64 704 264 ) (64 704 320 ) (64 712 320 ) (64 712 264 ) 
4 27 28 (120 704 264 ) (120 704 320 ) (64 704 320 ) (64 704 264 ) 
4 28 120 (64 704 256 ) (64 4 256 ) (64 4 320 ) (64 704 320 ) 
4 28 45 (120 4 256 ) (64 4 256 ) (64 576 256 ) (120 576 256 ) 
4 28 44 (64 576 256 ) (64 584 256 ) (120 584 256 ) (120 576 256 ) 
4 28 43 (64 584 256 ) (64 592 256 ) (120 592 256 ) (120 584 256 ) 
4 28 42 (64 592 256 ) (64 600 256 ) (120 600 256 ) (120 592 256 ) 
4 28 41 (64 600 256 ) (64 608 256 ) (120 608 256 ) (120 600 256 ) 
4 28 40 (64 608 256 ) (64 616 256 ) (120 616 256 ) (120 608 256 ) 
4 28 39 (64 616 256 ) (64 624 256 ) (120 624 256 ) (120 616 256 ) 
4 28 38 (64 624 256 ) (64 632 256 ) (120 632 256 ) (120 624 256 ) 
4 28 37 (64 632 256 ) (64 640 256 ) (120 640 256 ) (120 632 256 ) 
4 28 36 (64 640 256 ) (64 648 256 ) (120 648 256 ) (120 640 256 ) 
4 28 35 (64 648 256 ) (64 656 256 ) (120 656 256 ) (120 648 256 ) 
4 28 34 (64 656 256 ) (64 664 256 ) (120 664 256 ) (120 656 256 ) 
4 28 33 (64 664 256 ) (64 672 256 ) (120 672 256 ) (120 664 256 ) 
4 28 32 (64 672 256 ) (64 680 256 ) (120 680 256 ) (120 672 256 ) 
4 28 31 (64 680 256 ) (64 688 256 ) (120 688 256 ) (120 680 256 ) 
4 28 30 (64 688 256 ) (64 696 256 ) (120 696 256 ) (120 688 256 ) 
4 29 213 (120 744 128 ) (64 744 128 ) (64 1021.8455598455598 128 ) (120 1021.9176319176322 128 ) 
4 29 121 (64 896 128 ) (64 744 128 ) (64 744 256 ) (64 896 256 ) 
4 29 117 (64 960 128 ) (64 896 128 ) (64 896 256 ) (64 960 256 ) 
4 29 116 (64 1021.8455598455594 128 ) (64 960 128 ) (64 960 256 ) (64 1021.8455598455598 256 ) 
4 30 121 (64 688 248 ) (64 688 256 ) (64 696 256 ) (64 696 248 ) 
4 30 31 (120 688 256 ) (64 688 256 ) (64 688 248 ) (120 688 248 ) 
4 31 121 (64 680 240 ) (64 680 256 ) (64 688 256 ) (64 688 240 ) 
4 31 32 (120 680 256 ) (64 680 256 ) (64 680 240 ) (120 680 240 ) 
4 32 121 (64 672 232 ) (64 672 256 ) (64 680 256 ) (64 680 232 ) 
4 32 33 (120 672 256 ) (64 672 256 ) (64 672 232 ) (120 672 232 ) 
4 33 121 (64 664 224 ) (64 664 256 ) (64 672 256 ) (64 672 224 ) 
4 33 34 (120 664 256 ) (64 664 256 ) (64 664 224 ) (120 664 224 ) 
4 34 121 (64 656 216 ) (64 656 256 ) (64 664 256 ) (64 664 216 ) 
4 34 35 (120 656 256 ) (64 656 256 ) (64 656 216 ) (120 656 216 ) 
4 35 121 (64 648 208 ) (64 648 256 ) (64 656 256 ) (64 656 208 ) 
4 35 36 (120 648 256 ) (64 648 256 ) (64 648 208 ) (120 648 208 ) 
4 36 121 (64 640 200 ) (64 640 256 ) (64 648 256 ) (64 648 200 ) 
4 36 37 (120 640 256 ) (64 640 256 ) (64 640 200 ) (120 640 200 ) 
4 37 121 (64 632 192 ) (64 632 256 ) (64 640 256 ) (64 640 192 ) 
4 37 38 (120 632 256 ) (64 632 256 ) (64 632 192 ) (120 632 192 ) 
4 38 121 (64 624 184 ) (64 624 256 ) (64 632 256 ) (64 632 184 ) 
4 38 39 (120 624 256 ) (64 624 256 ) (64 624 184 ) (120 624 184 ) 
4 39 121 (64 616 176 ) (64 616 256 ) (64 624 256 ) (64 624 176 ) 
4 39 40 (120 616 256 ) (64 616 256 ) (64 616 176 ) (120 616 176 ) 
4 40 121 (64 608 168 ) (64 608 256 ) (64 616 256 ) (64 616 168 ) 
4 40 41 (120 608 256 ) (64 608 256 ) (64 608 168 ) (120 608 168 ) 
4 41 121 (64 600 160 ) (64 600 256 ) (64 608 256 ) (64 608 160 ) 
4 41 42 (120 600 256 ) (64 600 256 ) (64 600 160 ) (120 600 160 ) 
4 42 121 (64 592 152 ) (64 592 256 ) (64 600 256 ) (64 600 152 ) 
4 42 43 (120 592 256 ) (64 592 256 ) (64 592 152 ) (120 592 152 ) 
4 43 121 (64 584 144 ) (64 584 256 ) (64 592 256 ) (64 592 144 ) 
4 43 44 (120 584 256 ) (64 584 256 ) (64 584 144 ) (120 584 144 ) 
4 44 121 (64 576 136 ) (64 576 256 ) (64 584 256 ) (64 584 136 ) 
4 44 45 (120 576 256 ) (64 576 256 ) (64 576 136 ) (120 576 136 ) 
4 45 214 (120 4 128 ) (64 4 128 ) (64 384 128 ) (120 384 128 ) 
4 45 121 (64 576 128 ) (64 4 128 ) (64 4 256 ) (64 576 256 ) 
4 46 60 (-8 880 745.9998838992278 ) (-8 880 448 ) (64 880 448 ) (64 880 746 ) 
4 46 53 (-8 960 448 ) (-8 896 448 ) (-8 896 576 ) (-8 960 576 ) 
4 46 52 (-8 1020.9577464788731 448 ) (-8 1021.7528957528957 448 ) (48 1021.8249678249674 448 ) (48 1020.169014084507 448 ) 
4 46 51 (64 880 448 ) (60 880 448 ) (60 888 448 ) (64 888 448 ) 
4 46 48 (48 1020.3999999999014 448 ) (48 1021.8249678249674 448 ) (60 1021.8404118404114 448 ) (60 1020.399999999903 448 ) 
4 46 47 (60 1021.8404118404114 448 ) (64 1021.8455598455594 448 ) (64 1020.3999999999036 448 ) (60 1020.399999999903 448 ) 
4 47 49 (60 1020.1999999944035 440 ) (60 1021.8404118404119 440 ) (64 1021.8455598455599 440 ) (64 1020.199999994404 440 ) 
4 47 48 (60 1021.8404118404123 448 ) (60 1021.8404118404123 440 ) (60 1020.1999999944035 440 ) (60 1020.399999999903 448 ) 
4 48 52 (48 1021.8249678249681 448 ) (48 1021.8249678249681 440 ) (48 1020.1999999944019 440 ) (48 1020.3999999999014 448 ) 
4 48 50 (48 1020.1999999944019 440 ) (48 1021.8249678249679 440 ) (60 1021.8404118404119 440 ) (60 1020.1999999944035 440 ) 
4 49 120 (64 896 432 ) (64 888 432 ) (60 888 432 ) (60 896 432 ) 
4 49 117 (64 960 432 ) (64 896 432 ) (60 896 432 ) (60 960 432 ) 
4 49 116 (64 1021.8455598455594 432 ) (64 960 432 ) (60 960 432 ) (60 1021.8404118404114 432 ) 
4 49 51 (60 888 432 ) (64 888 432 ) (64 888 440 ) (60 888 440 ) 
4 49 50 (60 1020 440 ) (60 1021.840411840412 440 ) (60 1021.840411840412 432 ) (60 1020 432 ) 
4 50 116 (48 1020.169014084507 432 ) (48 1021.8249678249674 432 ) (60 1021.8404118404114 432 ) (60 1020 432 ) 
4 50 52 (48 1021.8249678249681 440 ) (48 1021.8249678249681 432 ) (48 1020.169014084507 432 ) (48 1020.169014084507 440 ) 
4 51 120 (64 888 432 ) (64 880 432 ) (60 880 432 ) (60 888 432 ) 
4 51 63 (60 880 432 ) (64 880 432 ) (64 880 448 ) (60 880 448 ) 
4 52 116 (-8 1020.9577464788731 432 ) (-8 1021.7528957528957 432 ) (48 1021.8249678249674 432 ) (48 1020.169014084507 432 ) 
4 53 54 (-40 960 576 ) (-40 960 448 ) (-40 896 448 ) (-40 896 576 ) 
4 54 61 (-1216 880 745.9990242727818 ) (-1216 880 447.99859708062104 ) (-40 880 447.99866824319884 ) (-40 880 745.9998611276667 ) 
4 54 58 (-800 880 447.99862225377774 ) (-1056 880 447.99860676260437 ) (-1056 944 447.9985099427715 ) (-800 944 447.99852543394485 ) 
4 54 57 (-1056 1020.4041184041184 447.9983943578656 ) (-480 1021.145431145431 447.9984280915405 ) (-480 944 447.9985447979116 ) (-1056 944 447.9985099427715 ) 
4 54 56 (-480 1021.145431145431 447.9984280915405 ) (-224 1021.4749034749032 447.99844308428493 ) (-224 880 447.99865710891794 ) (-480 880 447.9986416177445 ) 
3 54 55 (-59.72877358488526 1021.6863207547167 447.99845270489635 ) (-40 1021.7117117117114 447.99845386032 ) (-40 1021.4084507042253 447.99845431909625 ) 
3 55 118 (-40 1021.7117117117114 432 ) (-40 1021.4084507042253 432 ) (-59.72877358488765 1021.6863207547167 432 ) 
4 56 123 (-224 896 432 ) (-224 880 432 ) (-480 880 432 ) (-480 896 432 ) 
4 56 118 (-224 1021.4749034749038 432 ) (-224 896 432 ) (-480 896 432 ) (-480 1021.1454311454311 432 ) 
4 56 57 (-480 1021.1454311454318 432 ) (-480 944 432 ) (-480 944 447.99854479791185 ) (-480 1021.1454311454311 447.99842809154075 ) 
4 57 118 (-480 1021.1454311454308 432 ) (-480 944 432 ) (-1056 944 432 ) (-1056 1020.4041184041184 432 ) 
4 57 58 (-1056 944 447.9985099427713 ) (-1056 944 432 ) (-800 944 432 ) (-800 944 447.99852543394474 ) 
4 58 123 (-800 880 432 ) (-1056 880 432 ) (-1056 896 432 ) (-800 896 432 ) 
4 58 118 (-1056 896 432 ) (-1056 944 432 ) (-800 944 432 ) (-800 896 432 ) 
4 59 166 (-1312 1003.6875000000001 432 ) (-1312 880 432 ) (-1312 880 745.998955958097 ) (-1312 1003.6875000000001 745.9989556591422 ) 
4 59 165 (-1312 1020.0746460746468 745.9989556195342 ) (-1312 1020.0746460746468 432 ) (-1312 1003.6875000000001 432 ) (-1312 1003.6875000000001 745.9989556591422 ) 
4 59 164 (-1312 880 432 ) (-1312 896 432 ) (-1248 896 432 ) (-1248 880 432 ) 
4 59 119 (-1312 896 432 ) (-1312 1020.074646074646 432 ) (-1248 1020.1570141570146 432 ) (-1248 896 432 ) 
4 59 65 (-1312 880 447.9985912714309 ) (-1312 880 432 ) (-1248 880 432 ) (-1248 880 447.9985951442243 ) 
4 59 62 (-1312 880 745.9989559580963 ) (-1312 880 447.9985912714309 ) (-1248 880 447.9985951442243 ) (-1248 880 745.9990015012199 ) 
4 60 66 (-8 752 745.999884208607 ) (-8 752 447.9988638192612 ) (64 752 447.99886817615374 ) (64 752 746 ) 
4 60 64 (60 752 447.9988679341042 ) (-8 752 447.99886381926126 ) (-8 876.9577464788732 447.9986747819467 ) (60 876 447.998680345678 ) 
4 60 63 (64 752 447.9988681761538 ) (60 752 447.9988679341042 ) (60 880 447.99867429443844 ) (64 880 447.998674536488 ) 
4 61 100 (-1216 752 464 ) (-1216 752 447.9987907202867 ) (-1124 752 447.9987962874272 ) (-1124 752 464 ) 
4 61 98 (-1124 752 447.9987962874272 ) (-996 752 447.99880403301387 ) (-996 752 464 ) (-1124 752 464 ) 
4 61 97 (-996 752 447.99880403301387 ) (-928 752 447.99880814785683 ) (-928 752 464 ) (-996 752 464 ) 
4 61 96 (-928 752 447.99880814785683 ) (-800 752 447.9988158934435 ) (-800 752 464 ) (-928 752 464 ) 
4 61 91 (-1216 752 576 ) (-1216 752 464 ) (-800 752 464 ) (-800 752 576 ) 
4 61 90 (-1216 752 592 ) (-1216 752 576 ) (-1124 752 576 ) (-1124 752 592 ) 
4 61 88 (-1124 752 576 ) (-996 752 576 ) (-996 752 592 ) (-1124 752 592 ) 
4 61 87 (-996 752 576 ) (-800 752 576 ) (-800 752 592 ) (-996 752 592 ) 
4 61 86 (-1216 752 745.99902458216 ) (-1216 752 592 ) (-800 752 592 ) (-800 752 745.9993206124597 ) 
4 61 84 (-800 752 447.9988158934435 ) (-736 752 447.99881976623686 ) (-736 752 745.9993661555827 ) (-800 752 745.9993206124597 ) 
4 61 82 (-736 752 447.99881976623686 ) (-544 752 447.9988313846169 ) (-544 752 745.9995027849518 ) (-736 752 745.9993661555827 ) 
4 61 80 (-544 752 447.9988313846169 ) (-480 752 447.99883525741024 ) (-480 752 745.9995483280749 ) (-544 752 745.9995027849518 ) 
4 61 79 (-480 752 447.99883525741024 ) (-352 752 447.998843002997 ) (-352 752 464 ) (-480 752 464 ) 
4 61 78 (-352 752 447.998843002997 ) (-244 752 447.9988495383358 ) (-244 752 464 ) (-352 752 464 ) 
4 61 76 (-244 752 447.9988495383358 ) (-116 752 447.99885728392246 ) (-116 752 464 ) (-244 752 464 ) 
4 61 72 (-116 752 464 ) (-116 752 576 ) (-480 752 576 ) (-480 752 464 ) 
4 61 71 (-244 752 592 ) (-480 752 592 ) (-480 752 576 ) (-244 752 576 ) 
4 61 69 (-116 752 576 ) (-116 752 592 ) (-244 752 592 ) (-244 752 576 ) 
4 61 68 (-116 752 592 ) (-116 752 745.999807354587 ) (-480 752 745.9995483280749 ) (-480 752 592 ) 
4 61 67 (-116 752 447.99885728392246 ) (-40 752 447.99886188286456 ) (-40 752 745.9998614370456 ) (-116 752 745.999807354587 ) 
4 62 166 (-1312 880 745.9989559580972 ) (-1312 880 447.998591271431 ) (-1312 752 447.99878491109666 ) (-1312 752 745.9989562674759 ) 
4 62 101 (-1312 752 745.9989562674755 ) (-1312 752 447.99878491109666 ) (-1248 752 447.99878878389 ) (-1248 752 745.9990018105989 ) 
4 62 65 (-1248 752 447.99878878389006 ) (-1312 752 447.9987849110967 ) (-1312 880 447.99859127143094 ) (-1248 880 447.9985951442243 ) 
4 63 120 (60 880 432 ) (64 880 432 ) (64 752 432 ) (60 752 432 ) 
4 63 66 (60 752 432 ) (64 752 432 ) (64 752 447.99886817615374 ) (60 752 447.99886793410417 ) 
4 63 64 (60 752 432 ) (60 752 447.998867934104 ) (60 876 447.99868034567777 ) (60 876 432 ) 
4 64 120 (60 876 432 ) (60 752 432 ) (-8 752 432 ) (-8 876.9577464788732 432 ) 
4 64 66 (-8 752 432 ) (60 752 432 ) (60 752 447.99886793410417 ) (-8 752 447.99886381926126 ) 
4 65 166 (-1312 880 447.998591271431 ) (-1312 880 432 ) (-1312 752 432 ) (-1312 752 447.99878491109666 ) 
4 65 164 (-1312 752 432 ) (-1312 880 432 ) (-1248 880 432 ) (-1248 752 432 ) 
4 65 101 (-1312 752 447.99878491109666 ) (-1312 752 432 ) (-1248 752 432 ) (-1248 752 447.99878878389 ) 
4 66 120 (-8 752 432 ) (64 752 432 ) (64 240 432 ) (-8 240 432 ) 
4 66 104 (-8 240 447.9996383779242 ) (-8 240 432 ) (64 240 432 ) (64 240 447.99964273481675 ) 
4 66 102 (-8 240 745.9998854461219 ) (-8 240 447.9996383779242 ) (64 240 447.99964273481675 ) (64 240 746 ) 
4 67 103 (-116 240 745.9998085921025 ) (-116 240 447.9996318425854 ) (-40 240 447.99963644152757 ) (-40 240 745.999862674561 ) 
4 67 77 (-116 352 447.99946240787796 ) (-116 240 447.9996318425855 ) (-116 240 464 ) (-116 352 464 ) 
4 67 76 (-116 752 464 ) (-116 752 447.99885728392246 ) (-116 704 447.99892989879714 ) (-116 704 464 ) 
4 67 75 (-116 352 464 ) (-116 240 464 ) (-116 240 576 ) (-116 352 576 ) 
4 67 72 (-116 752 576 ) (-116 752 464 ) (-116 704 464 ) (-116 704 576 ) 
4 67 70 (-116 352 576 ) (-116 240 576 ) (-116 240 592 ) (-116 352 592 ) 
4 67 69 (-116 752 592 ) (-116 752 576 ) (-116 704 576 ) (-116 704 592 ) 
4 67 68 (-116 752 745.9998073545867 ) (-116 752 592 ) (-116 240 592 ) (-116 240 745.9998085921025 ) 
4 68 103 (-480 240 745.9995495655903 ) (-480 240 592 ) (-116 240 592 ) (-116 240 745.9998085921025 ) 
4 68 80 (-480 752 745.9995483280754 ) (-480 752 592 ) (-480 240 592 ) (-480 240 745.9995495655903 ) 
4 68 71 (-480 240 592 ) (-480 752 592 ) (-244 752 592 ) (-244 240 592 ) 
4 68 70 (-116 352 592 ) (-116 240 592 ) (-244 240 592 ) (-244 352 592 ) 
4 68 69 (-244 752 592 ) (-116 752 592 ) (-116 704 592 ) (-244 704 592 ) 
4 69 72 (-244 752 576 ) (-116 752 576 ) (-116 704 576 ) (-244 704 576 ) 
4 69 71 (-244 752 576 ) (-244 704 576 ) (-244 704 592 ) (-244 752 592 ) 
4 70 103 (-244 240 576 ) (-116 240 576 ) (-116 240 592 ) (-244 240 592 ) 
4 70 75 (-116 352 576 ) (-116 240 576 ) (-244 240 576 ) (-244 352 576 ) 
4 70 71 (-244 352 576 ) (-244 240 576 ) (-244 240 592 ) (-244 352 592 ) 
4 71 103 (-480 240 592 ) (-480 240 576 ) (-244 240 576 ) (-244 240 592 ) 
4 71 80 (-480 752 592 ) (-480 752 576 ) (-480 240 576 ) (-480 240 592 ) 
4 71 75 (-480 240 576 ) (-480 352 576 ) (-244 352 576 ) (-244 240 576 ) 
4 71 74 (-480 352 576 ) (-480 704 576 ) (-244 704 576 ) (-244 352 576 ) 
4 71 72 (-480 704 576 ) (-480 752 576 ) (-244 752 576 ) (-244 704 576 ) 
4 72 80 (-480 752 576 ) (-480 752 464 ) (-480 704 464 ) (-480 704 576 ) 
4 72 79 (-480 704 464 ) (-480 752 464 ) (-352 752 464 ) (-352 704 464 ) 
4 72 78 (-352 752 464 ) (-244 752 464 ) (-244 704 464 ) (-352 704 464 ) 
4 72 76 (-244 752 464 ) (-116 752 464 ) (-116 704 464 ) (-244 704 464 ) 
4 72 74 (-480 704 464 ) (-244 704 464 ) (-244 704 576 ) (-480 704 576 ) 
4 72 73 (-228 704 464 ) (-132 704 464 ) (-132 704 576 ) (-228 704 576 ) 
4 73 75 (-228 352 464 ) (-132 352 464 ) (-132 352 576 ) (-228 352 576 ) 
4 74 80 (-480 704 464 ) (-480 352 464 ) (-480 352 576 ) (-480 704 576 ) 
4 74 79 (-480 352 464 ) (-480 704 464 ) (-352 704 464 ) (-352 352 464 ) 
4 74 78 (-352 704 464 ) (-244 704 464 ) (-244 352 464 ) (-352 352 464 ) 
4 74 75 (-480 352 464 ) (-244 352 464 ) (-244 352 576 ) (-480 352 576 ) 
4 75 103 (-480 240 576 ) (-480 240 464 ) (-116 240 464 ) (-116 240 576 ) 
4 75 80 (-480 352 464 ) (-480 240 464 ) (-480 240 576 ) (-480 352 576 ) 
4 75 79 (-480 240 464 ) (-480 352 464 ) (-352 352 464 ) (-352 240 464 ) 
4 75 78 (-352 352 464 ) (-244 352 464 ) (-244 240 464 ) (-352 240 464 ) 
4 75 77 (-244 352 464 ) (-116 352 464 ) (-116 240 464 ) (-244 240 464 ) 
4 76 78 (-244 704 464 ) (-244 752 464 ) (-244 752 447.99884953833566 ) (-244 704 447.99892215321034 ) 
4 77 103 (-116 240 447.9996318425855 ) (-116 240 464 ) (-244 240 464 ) (-244 240 447.9996240969987 ) 
4 77 78 (-244 240 447.9996240969987 ) (-244 240 464 ) (-244 352 464 ) (-244 352 447.9994546622912 ) 
4 78 103 (-244 240 447.9996240969987 ) (-244 240 464 ) (-352 240 464 ) (-352 240 447.99961756166 ) 
4 78 79 (-352 240 447.99961756166 ) (-352 240 464 ) (-352 752 464 ) (-352 752 447.998843002997 ) 
4 79 124 (-352 728 432 ) (-352 240 432 ) (-480 240 432 ) (-480 728 432 ) 
4 79 123 (-480 752 432 ) (-352 752 432 ) (-352 728 432 ) (-480 728 432 ) 
4 79 103 (-480 240 464 ) (-480 240 447.9996098160732 ) (-352 240 447.99961756166 ) (-352 240 464 ) 
4 79 81 (-480 432 432 ) (-480 368 432 ) (-480 368 447.9994161764074 ) (-480 432 447.9993193565745 ) 
4 79 80 (-480 752 464 ) (-480 752 447.9988352574102 ) (-480 240 447.9996098160732 ) (-480 240 464 ) 
4 80 103 (-544 240 745.9995040224676 ) (-544 240 447.9996059432797 ) (-480 240 447.99960981607325 ) (-480 240 745.9995495655903 ) 
4 80 82 (-544 752 745.9995027849518 ) (-544 752 447.998831384617 ) (-544 240 447.9996059432799 ) (-544 240 745.9995040224674 ) 
4 80 81 (-544 368 447.9994123036141 ) (-544 432 447.99931548378123 ) (-480 432 447.99931935657463 ) (-480 368 447.9994161764075 ) 
4 81 124 (-480 432 432 ) (-480 368 432 ) (-544 368 432 ) (-544 432 432 ) 
4 81 83 (-544 432 432 ) (-544 368 432 ) (-544 368 447.9994123036142 ) (-544 432 447.9993154837813 ) 
4 82 103 (-736 240 745.9993673930985 ) (-736 240 447.9995943248996 ) (-544 240 447.9996059432799 ) (-544 240 745.9995040224674 ) 
4 82 84 (-736 752 745.9993661555827 ) (-736 752 447.9988197662369 ) (-736 240 447.9995943248999 ) (-736 240 745.9993673930983 ) 
4 82 83 (-736 368 447.9994006852341 ) (-736 624 447.9990134059026 ) (-544 624 447.9990250242827 ) (-544 368 447.9994123036142 ) 
4 83 129 (-672 368 432 ) (-736 368 432 ) (-736 624 432 ) (-672 624 432 ) 
4 83 128 (-608 368 432 ) (-672 368 432 ) (-672 432 432 ) (-608 432 432 ) 
4 83 126 (-672 432 432 ) (-672 560 432 ) (-608 560 432 ) (-608 432 432 ) 
4 83 125 (-672 560 432 ) (-672 624 432 ) (-608 624 432 ) (-608 560 432 ) 
4 83 124 (-544 624 432 ) (-544 368 432 ) (-608 368 432 ) (-608 624 432 ) 
4 83 85 (-736 624 432 ) (-736 560 432 ) (-736 560 447.99911022573554 ) (-736 624 447.99901340590264 ) 
4 84 103 (-800 240 745.9993218499758 ) (-800 240 447.99959045210653 ) (-736 240 447.9995943248999 ) (-736 240 745.9993673930983 ) 
4 84 96 (-800 752 464 ) (-800 752 447.99881589344295 ) (-800 240 447.99959045210653 ) (-800 240 464 ) 
4 84 95 (-800 368 464 ) (-800 240 464 ) (-800 240 576 ) (-800 368 576 ) 
4 84 92 (-800 720 464 ) (-800 368 464 ) (-800 368 576 ) (-800 720 576 ) 
4 84 91 (-800 752 576 ) (-800 752 464 ) (-800 720 464 ) (-800 720 576 ) 
4 84 87 (-800 752 592 ) (-800 752 576 ) (-800 240 576 ) (-800 240 592 ) 
4 84 86 (-800 752 745.99932061246 ) (-800 752 592 ) (-800 240 592 ) (-800 240 745.9993218499753 ) 
4 84 85 (-800 560 447.9991063529421 ) (-800 624 447.9990095331092 ) (-736 624 447.9990134059026 ) (-736 560 447.9991102257355 ) 
4 85 129 (-736 624 432 ) (-736 560 432 ) (-800 560 432 ) (-800 624 432 ) 
4 85 96 (-800 624 432 ) (-800 560 432 ) (-800 560 447.9991063529418 ) (-800 624 447.99900953310885 ) 
4 86 103 (-1216 240 745.9990258196758 ) (-1216 240 592 ) (-800 240 592 ) (-800 240 745.9993218499753 ) 
4 86 90 (-1216 240 592 ) (-1216 752 592 ) (-1124 752 592 ) (-1124 240 592 ) 
4 86 89 (-996 368 592 ) (-996 240 592 ) (-1124 240 592 ) (-1124 368 592 ) 
4 86 88 (-1124 752 592 ) (-996 752 592 ) (-996 720 592 ) (-1124 720 592 ) 
4 86 87 (-996 752 592 ) (-800 752 592 ) (-800 240 592 ) (-996 240 592 ) 
4 87 103 (-996 240 576 ) (-800 240 576 ) (-800 240 592 ) (-996 240 592 ) 
4 87 95 (-800 368 576 ) (-800 240 576 ) (-996 240 576 ) (-996 368 576 ) 
4 87 92 (-800 720 576 ) (-800 368 576 ) (-996 368 576 ) (-996 720 576 ) 
4 87 91 (-996 752 576 ) (-800 752 576 ) (-800 720 576 ) (-996 720 576 ) 
4 87 89 (-996 368 576 ) (-996 240 576 ) (-996 240 592 ) (-996 368 592 ) 
4 87 88 (-996 752 576 ) (-996 720 576 ) (-996 720 592 ) (-996 752 592 ) 
4 88 91 (-1124 752 576 ) (-996 752 576 ) (-996 720 576 ) (-1124 720 576 ) 
4 88 90 (-1124 752 576 ) (-1124 720 576 ) (-1124 720 592 ) (-1124 752 592 ) 
4 89 103 (-1124 240 576 ) (-996 240 576 ) (-996 240 592 ) (-1124 240 592 ) 
4 89 95 (-996 368 576 ) (-996 240 576 ) (-1124 240 576 ) (-1124 368 576 ) 
4 89 90 (-1124 368 576 ) (-1124 240 576 ) (-1124 240 592 ) (-1124 368 592 ) 
4 90 103 (-1216 240 592 ) (-1216 240 576 ) (-1124 240 576 ) (-1124 240 592 ) 
4 90 95 (-1216 240 576 ) (-1216 368 576 ) (-1124 368 576 ) (-1124 240 576 ) 
4 90 94 (-1216 368 576 ) (-1216 720 576 ) (-1124 720 576 ) (-1124 368 576 ) 
4 90 91 (-1216 720 576 ) (-1216 752 576 ) (-1124 752 576 ) (-1124 720 576 ) 
4 91 100 (-1216 720 464 ) (-1216 752 464 ) (-1124 752 464 ) (-1124 720 464 ) 
4 91 98 (-1124 752 464 ) (-996 752 464 ) (-996 720 464 ) (-1124 720 464 ) 
4 91 97 (-996 752 464 ) (-928 752 464 ) (-928 720 464 ) (-996 720 464 ) 
4 91 96 (-928 752 464 ) (-800 752 464 ) (-800 720 464 ) (-928 720 464 ) 
4 91 94 (-1216 720 464 ) (-1124 720 464 ) (-1124 720 576 ) (-1216 720 576 ) 
4 91 93 (-1108 720 464 ) (-1012 720 464 ) (-1012 720 576 ) (-1108 720 576 ) 
4 91 92 (-996 720 464 ) (-800 720 464 ) (-800 720 576 ) (-996 720 576 ) 
4 92 97 (-996 720 464 ) (-928 720 464 ) (-928 368 464 ) (-996 368 464 ) 
4 92 96 (-928 720 464 ) (-800 720 464 ) (-800 368 464 ) (-928 368 464 ) 
4 92 95 (-996 368 464 ) (-800 368 464 ) (-800 368 576 ) (-996 368 576 ) 
4 93 95 (-1108 368 464 ) (-1012 368 464 ) (-1012 368 576 ) (-1108 368 576 ) 
4 94 100 (-1216 368 464 ) (-1216 720 464 ) (-1124 720 464 ) (-1124 368 464 ) 
4 94 95 (-1216 368 464 ) (-1124 368 464 ) (-1124 368 576 ) (-1216 368 576 ) 
4 95 103 (-1216 240 576 ) (-1216 240 464 ) (-800 240 464 ) (-800 240 576 ) 
4 95 100 (-1216 240 464 ) (-1216 368 464 ) (-1124 368 464 ) (-1124 240 464 ) 
4 95 99 (-1124 368 464 ) (-996 368 464 ) (-996 240 464 ) (-1124 240 464 ) 
4 95 97 (-996 368 464 ) (-928 368 464 ) (-928 240 464 ) (-996 240 464 ) 
4 95 96 (-928 368 464 ) (-800 368 464 ) (-800 240 464 ) (-928 240 464 ) 
4 96 129 (-800 728 432 ) (-800 240 432 ) (-928 240 432 ) (-928 728 432 ) 
4 96 123 (-928 752 432 ) (-800 752 432 ) (-800 728 432 ) (-928 728 432 ) 
4 96 103 (-800 240 447.99959045210653 ) (-800 240 464 ) (-928 240 464 ) (-928 240 447.99958270651973 ) 
4 96 97 (-928 240 447.99958270651973 ) (-928 240 464 ) (-928 752 464 ) (-928 752 447.9988081478567 ) 
4 97 103 (-928 240 447.99958270651973 ) (-928 240 464 ) (-996 240 464 ) (-996 240 447.9995785916768 ) 
4 97 99 (-996 240 447.9995785916768 ) (-996 240 464 ) (-996 368 464 ) (-996 368 447.99938495201104 ) 
4 97 98 (-996 720 464 ) (-996 752 464 ) (-996 752 447.9988040330138 ) (-996 720 447.99885244293023 ) 
4 98 100 (-1124 720 464 ) (-1124 752 464 ) (-1124 752 447.9987962874271 ) (-1124 720 447.99884469734354 ) 
4 99 103 (-996 240 447.9995785916768 ) (-996 240 464 ) (-1124 240 464 ) (-1124 240 447.99957084609014 ) 
4 99 100 (-1124 240 447.99957084609014 ) (-1124 240 464 ) (-1124 368 464 ) (-1124 368 447.99937720642436 ) 
4 100 103 (-1216 240 464 ) (-1216 240 447.9995652789497 ) (-1124 240 447.99957084609014 ) (-1124 240 464 ) 
4 101 176 (-1312 248 432 ) (-1312 240 432 ) (-1312 240 745.9989575049913 ) (-1312 248 745.9989574856551 ) 
4 101 175 (-1312 256 432 ) (-1312 248 432 ) (-1312 248 745.9989574856551 ) (-1312 256 745.9989574663189 ) 
4 101 174 (-1312 264 432 ) (-1312 256 432 ) (-1312 256 745.9989574663189 ) (-1312 264 745.9989574469827 ) 
4 101 173 (-1312 272 432 ) (-1312 264 432 ) (-1312 264 745.9989574469827 ) (-1312 272 745.9989574276465 ) 
4 101 172 (-1312 280 432 ) (-1312 272 432 ) (-1312 272 745.9989574276465 ) (-1312 280 745.9989574083103 ) 
4 101 171 (-1312 288 432 ) (-1312 280 432 ) (-1312 280 745.9989574083103 ) (-1312 288 745.9989573889741 ) 
4 101 170 (-1312 296 432 ) (-1312 288 432 ) (-1312 288 745.9989573889741 ) (-1312 296 745.9989573696379 ) 
4 101 169 (-1312 304 432 ) (-1312 296 432 ) (-1312 296 745.9989573696379 ) (-1312 304 745.9989573503017 ) 
4 101 168 (-1312 312 432 ) (-1312 304 432 ) (-1312 304 745.9989573503017 ) (-1312 312 745.9989573309655 ) 
4 101 167 (-1312 320 432 ) (-1312 312 432 ) (-1312 312 745.9989573309655 ) (-1312 320 745.9989573116293 ) 
4 101 166 (-1312 752 745.9989562674755 ) (-1312 752 432 ) (-1312 320 432 ) (-1312 320 745.9989573116293 ) 
4 101 164 (-1312 240 432 ) (-1312 752 432 ) (-1248 752 432 ) (-1248 240 432 ) 
4 101 106 (-1312 240 745.9989575049913 ) (-1312 240 432 ) (-1248 240 432 ) (-1248 240 745.9990030481142 ) 
4 102 107 (-8 112 745.999885755501 ) (-8 112 447.99983201759 ) (64 112 447.9998363744825 ) (64 112 746 ) 
4 102 104 (64 112 447.9998363744825 ) (-8 112 447.99983201759 ) (-8 240 447.9996383779242 ) (64 240 447.99964273481675 ) 
4 103 110 (-1216 112 745.999026129055 ) (-1216 112 447.99975891861504 ) (-480 112 447.99980345573886 ) (-480 112 745.9995498749694 ) 
4 103 109 (-480 112 447.99980345573886 ) (-224 112 447.99981894691234 ) (-224 112 745.9997320474613 ) (-480 112 745.9995498749694 ) 
4 103 108 (-224 112 447.99981894691234 ) (-40 112 447.9998300811933 ) (-40 112 745.9998629839399 ) (-224 112 745.9997320474613 ) 
4 103 105 (-1216 128 447.99973471365723 ) (-1216 112 447.9997589186155 ) (-1216 112 560 ) (-1216 128 560 ) 
4 104 120 (-8 240 432 ) (64 240 432 ) (64 112 432 ) (-8 112 432 ) 
4 104 107 (-8 112 432 ) (64 112 432 ) (64 112 447.9998363744825 ) (-8 112 447.99983201759 ) 
4 105 114 (-1248 112 560 ) (-1248 112 447.99975698221874 ) (-1216 112 447.99975891861544 ) (-1216 112 560 ) 
4 105 106 (-1248 112 447.99975698221874 ) (-1248 112 560 ) (-1248 128 560 ) (-1248 128 447.99973277726053 ) 
4 106 191 (-1312 115.8 432 ) (-1312 112 432 ) (-1312 112 440 ) (-1312 115.60000000000001 440 ) 
4 106 189 (-1312 160 432 ) (-1312 144 432 ) (-1312 144 440 ) (-1312 160 440 ) 
4 106 188 (-1312 112 440 ) (-1312 112 448 ) (-1312 160 448 ) (-1312 160 440 ) 
4 106 187 (-1312 112 448 ) (-1312 112 745.9989578143701 ) (-1312 160 745.998957698353 ) (-1312 160 448 ) 
4 106 186 (-1312 168 432 ) (-1312 160 432 ) (-1312 160 745.998957698353 ) (-1312 168 745.9989576790168 ) 
4 106 185 (-1312 176 432 ) (-1312 168 432 ) (-1312 168 745.9989576790168 ) (-1312 176 745.9989576596806 ) 
4 106 184 (-1312 184 432 ) (-1312 176 432 ) (-1312 176 745.9989576596806 ) (-1312 184 745.9989576403445 ) 
4 106 183 (-1312 192 432 ) (-1312 184 432 ) (-1312 184 745.9989576403445 ) (-1312 192 745.9989576210083 ) 
4 106 182 (-1312 200 432 ) (-1312 192 432 ) (-1312 192 745.9989576210083 ) (-1312 200 745.9989576016721 ) 
4 106 181 (-1312 208 432 ) (-1312 200 432 ) (-1312 200 745.9989576016721 ) (-1312 208 745.998957582336 ) 
4 106 180 (-1312 216 432 ) (-1312 208 432 ) (-1312 208 745.998957582336 ) (-1312 216 745.9989575629997 ) 
4 106 179 (-1312 224 432 ) (-1312 216 432 ) (-1312 216 745.9989575629997 ) (-1312 224 745.9989575436637 ) 
4 106 178 (-1312 232 432 ) (-1312 224 432 ) (-1312 224 745.9989575436637 ) (-1312 232 745.9989575243275 ) 
4 106 177 (-1312 240 745.9989575049913 ) (-1312 240 432 ) (-1312 232 432 ) (-1312 232 745.9989575243275 ) 
4 106 164 (-1312 112 432 ) (-1312 240 432 ) (-1248 240 432 ) (-1248 112 432 ) 
4 106 114 (-1312 112 560 ) (-1312 112 448 ) (-1248 112 448 ) (-1248 112 560 ) 
4 106 113 (-1312 112 745.9989578143704 ) (-1312 112 560 ) (-1248 112 560 ) (-1248 112 745.9990033574932 ) 
4 107 120 (-8 112 432 ) (64 112 432 ) (64 4 432 ) (-8 4 432 ) 
4 108 109 (-224 112 745.9997320474604 ) (-224 112 447.9998189469124 ) (-224 4 448 ) (-224 4 745.9997323084997 ) 
4 109 124 (-480 4 432 ) (-480 112 432 ) (-224 112 432 ) (-224 4 432 ) 
4 109 111 (-480 48 432 ) (-480 4 432 ) (-480 4 448 ) (-480 48 448 ) 
4 109 110 (-480 112 745.9995498749686 ) (-480 112 448 ) (-480 4 448 ) (-480 4 745.9995501360075 ) 
4 110 114 (-1216 112 560 ) (-1216 112 448 ) (-1216 64 448 ) (-1216 64 560 ) 
4 110 112 (-1056 112 448 ) (-800 112 448 ) (-800 4 448 ) (-1056 4 448 ) 
4 110 111 (-480 48 448 ) (-480 4 448 ) (-800 4 448 ) (-800 48 448 ) 
4 111 129 (-672 4 432 ) (-800 4 432 ) (-800 48 432 ) (-672 48 432 ) 
4 111 128 (-608 4 432 ) (-672 4 432 ) (-672 48 432 ) (-608 48 432 ) 
4 111 124 (-480 48 432 ) (-480 4 432 ) (-608 4 432 ) (-608 48 432 ) 
4 111 112 (-800 4 432 ) (-800 4 448 ) (-800 48 448 ) (-800 48 432 ) 
4 112 129 (-1056 112 432 ) (-800 112 432 ) (-800 4 432 ) (-1056 4 432 ) 
4 113 187 (-1312 112 745.9989578143704 ) (-1312 112 560 ) (-1312 64 560 ) (-1312 64 745.9989579303871 ) 
4 113 115 (-1312 64 745.9989579303874 ) (-1312 64 560 ) (-1248 64 560 ) (-1248 64 745.99900347351 ) 
4 113 114 (-1248 64 560 ) (-1312 64 560 ) (-1312 112 560 ) (-1248 112 560 ) 
4 114 187 (-1312 112 560 ) (-1312 112 448 ) (-1312 64 448 ) (-1312 64 560 ) 
4 114 115 (-1312 64 560 ) (-1312 64 448 ) (-1248 64 448 ) (-1248 64 560 ) 
4 115 187 (-1312 64 745.9989579303874 ) (-1312 64 448 ) (-1312 4 448 ) (-1312 4 745.9989580754085 ) 
4 116 231 (-4 960 128 ) (-8 960 128 ) (-8 1021.7528957528958 128 ) (-4 1021.7580437580439 128 ) 
4 116 216 (60 960 128 ) (-4 960 128 ) (-4 1021.7580437580439 128 ) (60 1021.8404118404122 128 ) 
4 116 213 (64 1021.8455598455603 128 ) (64 960 128 ) (60 960 128 ) (60 1021.8404118404122 128 ) 
4 116 117 (-8 960 128 ) (64 960 128 ) (64 960 432 ) (-8 960 432 ) 
4 117 231 (-4 896 128 ) (-8 896 128 ) (-8 960 128 ) (-4 960 128 ) 
4 117 216 (60 896 128 ) (-4 896 128 ) (-4 960 128 ) (60 960 128 ) 
4 117 213 (64 960 128 ) (64 896 128 ) (60 896 128 ) (60 960 128 ) 
4 117 121 (64 896 128 ) (64 896 256 ) (-8 896 256 ) (-8 896 128 ) 
4 117 120 (64 896 256 ) (64 896 432 ) (-8 896 432 ) (-8 896 256 ) 
4 118 291 (-1012 896 128 ) (-1216 896 128 ) (-1216 1020.1981981981983 128 ) (-1012 1020.4607464607465 128 ) 
4 118 275 (-884 896 128 ) (-1012 896 128 ) (-1012 1020.4607464607465 128 ) (-884 1020.6254826254826 128 ) 
4 118 274 (-788 896 128 ) (-884 896 128 ) (-884 1020.6254826254826 128 ) (-788 1020.7490347490346 128 ) 
4 118 273 (-580 896 128 ) (-788 896 128 ) (-788 1020.7490347490346 128 ) (-580 1021.0167310167309 128 ) 
4 118 259 (-452 896 128 ) (-580 896 128 ) (-580 1021.0167310167309 128 ) (-452 1021.181467181467 128 ) 
4 118 258 (-356 896 128 ) (-452 896 128 ) (-452 1021.181467181467 128 ) (-356 1021.3050193050191 128 ) 
4 118 257 (-228 896 128 ) (-356 896 128 ) (-356 1021.3050193050191 128 ) (-228 1021.4697554697552 128 ) 
4 118 253 (-72 896 128 ) (-228 896 128 ) (-228 960 128 ) (-72 960 128 ) 
4 118 251 (-40 960 128 ) (-40 896 128 ) (-72 896 128 ) (-72 960 128 ) 
4 118 250 (-40 1021.7117117117114 128 ) (-40 960 128 ) (-228 960 128 ) (-228 1021.4697554697552 128 ) 
4 118 141 (-1216 896 136 ) (-1216 896 128 ) (-884 896 128 ) (-884 896 136 ) 
4 118 140 (-884 896 128 ) (-788 896 128 ) (-788 896 136 ) (-884 896 136 ) 
4 118 139 (-788 896 128 ) (-452 896 128 ) (-452 896 136 ) (-788 896 136 ) 
4 118 138 (-452 896 128 ) (-356 896 128 ) (-356 896 136 ) (-452 896 136 ) 
4 118 137 (-356 896 128 ) (-40 896 128 ) (-40 896 136 ) (-356 896 136 ) 
4 118 136 (-1216 896 160 ) (-1216 896 136 ) (-40 896 136 ) (-40 896 160 ) 
4 118 123 (-40 896 432 ) (-1216 896 432 ) (-1216 896 160 ) (-40 896 160 ) 
4 119 300 (-1312 896 128 ) (-1312 1020.0746460746461 128 ) (-1248 1020.1570141570137 128 ) (-1248 896 128 ) 
4 119 196 (-1312 1003.6875 128 ) (-1312 896 128 ) (-1312 896 256 ) (-1312 1003.6875 256 ) 
4 119 195 (-1312 1020.0746460746459 128 ) (-1312 1003.6875 128 ) (-1312 1003.6875 256 ) (-1312 1020.074646074646 256 ) 
4 119 166 (-1312 896 256 ) (-1312 896 432 ) (-1312 1003.6875 432 ) (-1312 1003.6875 256 ) 
4 119 165 (-1312 1003.6875 432 ) (-1312 1020.0746460746461 432 ) (-1312 1020.074646074646 256 ) (-1312 1003.6875 256 ) 
4 119 164 (-1248 896 432 ) (-1312 896 432 ) (-1312 896 128 ) (-1248 896 128 ) 
4 120 121 (-8 896 256 ) (64 896 256 ) (64 4 256 ) (-8 4 256 ) 
4 121 249 (56 4 128 ) (-8 4 128 ) (-8 264 128 ) (56 264 128 ) 
4 121 248 (-8 264 128 ) (-8 272 128 ) (56 272 128 ) (56 264 128 ) 
4 121 247 (-8 272 128 ) (-8 280 128 ) (56 280 128 ) (56 272 128 ) 
4 121 246 (-8 280 128 ) (-8 288 128 ) (56 288 128 ) (56 280 128 ) 
4 121 245 (-8 288 128 ) (-8 296 128 ) (56 296 128 ) (56 288 128 ) 
4 121 244 (-8 296 128 ) (-8 304 128 ) (56 304 128 ) (56 296 128 ) 
4 121 243 (-8 304 128 ) (-8 312 128 ) (56 312 128 ) (56 304 128 ) 
4 121 242 (-8 312 128 ) (-8 320 128 ) (56 320 128 ) (56 312 128 ) 
4 121 241 (-8 320 128 ) (-8 328 128 ) (56 328 128 ) (56 320 128 ) 
4 121 240 (-8 328 128 ) (-8 336 128 ) (56 336 128 ) (56 328 128 ) 
4 121 239 (-8 336 128 ) (-8 344 128 ) (56 344 128 ) (56 336 128 ) 
4 121 238 (-8 344 128 ) (-8 352 128 ) (56 352 128 ) (56 344 128 ) 
4 121 237 (-8 352 128 ) (-8 360 128 ) (56 360 128 ) (56 352 128 ) 
4 121 236 (-8 360 128 ) (-8 368 128 ) (56 368 128 ) (56 360 128 ) 
4 121 235 (-8 368 128 ) (-8 376 128 ) (56 376 128 ) (56 368 128 ) 
4 121 233 (60 384 128 ) (60 4 128 ) (56 4 128 ) (56 384 128 ) 
4 121 231 (-8 896 128 ) (-4 896 128 ) (-4 576 128 ) (-8 576 128 ) 
4 121 230 (60 592 128 ) (60 584 128 ) (-4 584 128 ) (-4 592 128 ) 
4 121 229 (60 600 128 ) (60 592 128 ) (-4 592 128 ) (-4 600 128 ) 
4 121 228 (60 608 128 ) (60 600 128 ) (-4 600 128 ) (-4 608 128 ) 
4 121 227 (60 616 128 ) (60 608 128 ) (-4 608 128 ) (-4 616 128 ) 
4 121 226 (60 624 128 ) (60 616 128 ) (-4 616 128 ) (-4 624 128 ) 
4 121 225 (60 632 128 ) (60 624 128 ) (-4 624 128 ) (-4 632 128 ) 
4 121 224 (60 640 128 ) (60 632 128 ) (-4 632 128 ) (-4 640 128 ) 
4 121 223 (60 648 128 ) (60 640 128 ) (-4 640 128 ) (-4 648 128 ) 
4 121 222 (60 656 128 ) (60 648 128 ) (-4 648 128 ) (-4 656 128 ) 
4 121 221 (60 664 128 ) (60 656 128 ) (-4 656 128 ) (-4 664 128 ) 
4 121 220 (60 672 128 ) (60 664 128 ) (-4 664 128 ) (-4 672 128 ) 
4 121 219 (60 680 128 ) (60 672 128 ) (-4 672 128 ) (-4 680 128 ) 
4 121 218 (60 688 128 ) (60 680 128 ) (-4 680 128 ) (-4 688 128 ) 
4 121 217 (60 696 128 ) (60 688 128 ) (-4 688 128 ) (-4 696 128 ) 
4 121 216 (-4 896 128 ) (60 896 128 ) (60 696 128 ) (-4 696 128 ) 
4 121 214 (64 384 128 ) (64 4 128 ) (60 4 128 ) (60 384 128 ) 
4 121 213 (60 896 128 ) (64 896 128 ) (64 576 128 ) (60 576 128 ) 
4 121 122 (-8 448 256 ) (-8 512 256 ) (-8 512 128 ) (-8 448 128 ) 
4 122 142 (-40 512 128 ) (-40 448 128 ) (-40 448 160 ) (-40 512 160 ) 
4 122 130 (-40 448 160 ) (-40 448 256 ) (-40 512 256 ) (-40 512 160 ) 
4 123 156 (-1216 728 160 ) (-1216 792 160 ) (-1012 792 160 ) (-1012 728 160 ) 
4 123 150 (-1012 792 160 ) (-660 792 160 ) (-660 728 160 ) (-1012 728 160 ) 
4 123 149 (-660 792 160 ) (-580 792 160 ) (-580 728 160 ) (-660 728 160 ) 
4 123 143 (-580 792 160 ) (-228 792 160 ) (-228 728 160 ) (-580 728 160 ) 
4 123 142 (-228 792 160 ) (-40 792 160 ) (-40 728 160 ) (-228 728 160 ) 
4 123 136 (-1216 792 160 ) (-1216 896 160 ) (-40 896 160 ) (-40 792 160 ) 
4 123 134 (-1216 728 288 ) (-1216 728 160 ) (-900 728 160 ) (-900 728 288 ) 
4 123 133 (-884 728 160 ) (-788 728 160 ) (-788 728 272 ) (-884 728 272 ) 
4 123 132 (-772 728 160 ) (-468 728 160 ) (-468 728 288 ) (-772 728 288 ) 
4 123 131 (-452 728 160 ) (-356 728 160 ) (-356 728 272 ) (-452 728 272 ) 
4 123 130 (-340 728 160 ) (-40 728 160 ) (-40 728 288 ) (-340 728 288 ) 
4 123 129 (-1216 728 432 ) (-1216 728 288 ) (-672 728 288 ) (-672 728 432 ) 
4 123 125 (-672 728 288 ) (-608 728 288 ) (-608 728 432 ) (-672 728 432 ) 
4 123 124 (-608 728 288 ) (-40 728 288 ) (-40 728 432 ) (-608 728 432 ) 
4 124 135 (-40 440 288 ) (-40 4 288 ) (-608 4 288 ) (-608 440 288 ) 
4 124 132 (-608 728 288 ) (-468 728 288 ) (-468 440 288 ) (-608 440 288 ) 
4 124 130 (-340 728 288 ) (-40 728 288 ) (-40 440 288 ) (-340 440 288 ) 
4 124 128 (-608 432 288 ) (-608 4 288 ) (-608 4 432 ) (-608 432 432 ) 
4 124 127 (-608 560 288 ) (-608 432 288 ) (-608 432 360 ) (-608 560 360 ) 
4 124 126 (-608 432 375.99931161098795 ) (-608 432 432 ) (-608 560 432 ) (-608 560 375.99911797132216 ) 
4 124 125 (-608 728 432 ) (-608 728 288 ) (-608 560 288 ) (-608 560 432 ) 
4 125 132 (-672 728 288 ) (-608 728 288 ) (-608 560 288 ) (-672 560 288 ) 
4 125 129 (-672 728 432 ) (-672 728 288 ) (-672 560 288 ) (-672 560 432 ) 
4 125 127 (-672 560 360 ) (-672 560 288 ) (-608 560 288 ) (-608 560 360 ) 
4 125 126 (-672 560 432 ) (-672 560 375.9991140985288 ) (-608 560 375.99911797132216 ) (-608 560 432 ) 
4 126 129 (-672 432 375.9993077381946 ) (-672 432 432 ) (-672 560 432 ) (-672 560 375.9991140985288 ) 
4 126 128 (-672 432 432 ) (-672 432 375.9993077381946 ) (-608 432 375.99931161098795 ) (-608 432 432 ) 
4 127 135 (-608 440 288 ) (-608 432 288 ) (-672 432 288 ) (-672 440 288 ) 
4 127 132 (-608 560 288 ) (-608 440 288 ) (-672 440 288 ) (-672 560 288 ) 
4 127 129 (-672 560 288 ) (-672 432 288 ) (-672 432 360 ) (-672 560 360 ) 
4 127 128 (-672 432 360 ) (-672 432 288 ) (-608 432 288 ) (-608 432 360 ) 
4 128 135 (-608 432 288 ) (-608 4 288 ) (-672 4 288 ) (-672 432 288 ) 
4 128 129 (-672 432 288 ) (-672 4 288 ) (-672 4 432 ) (-672 432 432 ) 
4 129 135 (-1216 4 288 ) (-1216 440 288 ) (-672 440 288 ) (-672 4 288 ) 
4 129 134 (-1216 440 288 ) (-1216 728 288 ) (-900 728 288 ) (-900 440 288 ) 
4 129 132 (-772 728 288 ) (-672 728 288 ) (-672 440 288 ) (-772 440 288 ) 
4 130 144 (-340 728 160 ) (-228 728 160 ) (-228 440 160 ) (-340 440 160 ) 
4 130 142 (-228 728 160 ) (-40 728 160 ) (-40 440 160 ) (-228 440 160 ) 
4 130 135 (-340 440 160 ) (-40 440 160 ) (-40 440 288 ) (-340 440 288 ) 
4 131 135 (-452 440 160 ) (-356 440 160 ) (-356 440 272 ) (-452 440 272 ) 
4 132 151 (-772 728 160 ) (-660 728 160 ) (-660 440 160 ) (-772 440 160 ) 
4 132 149 (-660 728 160 ) (-580 728 160 ) (-580 440 160 ) (-660 440 160 ) 
4 132 145 (-580 728 160 ) (-468 728 160 ) (-468 440 160 ) (-580 440 160 ) 
4 132 135 (-772 440 160 ) (-468 440 160 ) (-468 440 288 ) (-772 440 288 ) 
4 133 135 (-884 440 160 ) (-788 440 160 ) (-788 440 272 ) (-884 440 272 ) 
4 134 163 (-1216 576 160 ) (-1216 512 160 ) (-1216 512 240 ) (-1216 576 240 ) 
4 134 156 (-1216 440 160 ) (-1216 728 160 ) (-1012 728 160 ) (-1012 440 160 ) 
4 134 152 (-1012 728 160 ) (-900 728 160 ) (-900 440 160 ) (-1012 440 160 ) 
4 134 135 (-1216 440 160 ) (-900 440 160 ) (-900 440 288 ) (-1216 440 288 ) 
4 135 157 (-1216 4 160 ) (-1216 376 160 ) (-40 376 160 ) (-40 4 160 ) 
4 135 156 (-1216 376 160 ) (-1216 440 160 ) (-1012 440 160 ) (-1012 376 160 ) 
4 135 155 (-1012 440 160 ) (-660 440 160 ) (-660 376 160 ) (-1012 376 160 ) 
4 135 149 (-660 440 160 ) (-580 440 160 ) (-580 376 160 ) (-660 376 160 ) 
4 135 148 (-580 440 160 ) (-228 440 160 ) (-228 376 160 ) (-580 376 160 ) 
4 135 142 (-228 440 160 ) (-40 440 160 ) (-40 376 160 ) (-228 376 160 ) 
4 136 156 (-1012 792 160 ) (-1216 792 160 ) (-1216 792 136 ) (-1012 792 136 ) 
4 136 150 (-660 792 160 ) (-1012 792 160 ) (-1012 792 144 ) (-660 792 144 ) 
4 136 149 (-580 792 160 ) (-660 792 160 ) (-660 792 136 ) (-580 792 136 ) 
4 136 143 (-228 792 160 ) (-580 792 160 ) (-580 792 144 ) (-228 792 144 ) 
4 136 142 (-40 792 136 ) (-40 792 160 ) (-228 792 160 ) (-228 792 136 ) 
4 136 141 (-884 792 136 ) (-1216 792 136 ) (-1216 896 136 ) (-884 896 136 ) 
4 136 140 (-884 808 136 ) (-884 896 136 ) (-788 896 136 ) (-788 808 136 ) 
4 136 139 (-452 792 136 ) (-788 792 136 ) (-788 896 136 ) (-452 896 136 ) 
4 136 138 (-452 808 136 ) (-452 896 136 ) (-356 896 136 ) (-356 808 136 ) 
4 136 137 (-40 792 136 ) (-356 792 136 ) (-356 896 136 ) (-40 896 136 ) 
4 137 257 (-356 896 128 ) (-228 896 128 ) (-228 792 128 ) (-356 792 128 ) 
4 137 253 (-228 896 128 ) (-72 896 128 ) (-72 792 128 ) (-228 792 128 ) 
4 137 251 (-72 896 128 ) (-40 896 128 ) (-40 792 128 ) (-72 792 128 ) 
4 137 142 (-40 792 128 ) (-40 792 136 ) (-228 792 136 ) (-228 792 128 ) 
4 137 138 (-356 808 136 ) (-356 896 136 ) (-356 896 128 ) (-356 816 128 ) 
4 138 258 (-452 896 128 ) (-356 896 128 ) (-356 816 128 ) (-452 816 128 ) 
4 138 139 (-452 808 136 ) (-452 896 136 ) (-452 896 128 ) (-452 816 128 ) 
4 139 273 (-788 896 128 ) (-580 896 128 ) (-580 792 128 ) (-788 792 128 ) 
4 139 259 (-580 896 128 ) (-452 896 128 ) (-452 792 128 ) (-580 792 128 ) 
4 139 149 (-580 792 136 ) (-660 792 136 ) (-660 792 128 ) (-580 792 128 ) 
4 139 140 (-788 808 136 ) (-788 896 136 ) (-788 896 128 ) (-788 816 128 ) 
4 140 274 (-884 896 128 ) (-788 896 128 ) (-788 816 128 ) (-884 816 128 ) 
4 140 141 (-884 808 136 ) (-884 896 136 ) (-884 896 128 ) (-884 816 128 ) 
4 141 291 (-1216 792 128 ) (-1216 896 128 ) (-1012 896 128 ) (-1012 792 128 ) 
4 141 275 (-1012 896 128 ) (-884 896 128 ) (-884 792 128 ) (-1012 792 128 ) 
4 141 156 (-1012 792 136 ) (-1216 792 136 ) (-1216 792 128 ) (-1012 792 128 ) 
4 142 253 (-228 792 128 ) (-72 792 128 ) (-72 376 128 ) (-228 376 128 ) 
4 142 252 (-40 384 128 ) (-40 376 128 ) (-72 376 128 ) (-72 384 128 ) 
4 142 251 (-72 792 128 ) (-40 792 128 ) (-40 576 128 ) (-72 576 128 ) 
4 142 158 (-40 376 128 ) (-40 376 136 ) (-228 376 136 ) (-228 376 128 ) 
4 142 157 (-40 376 136 ) (-40 376 160 ) (-228 376 160 ) (-228 376 136 ) 
4 142 148 (-228 376 144 ) (-228 376 160 ) (-228 440 160 ) (-228 440 144 ) 
4 142 146 (-228 664 128 ) (-228 504 128 ) (-228 504 144 ) (-228 664 144 ) 
4 142 144 (-228 440 144 ) (-228 440 160 ) (-228 728 160 ) (-228 728 144 ) 
4 142 143 (-228 792 160 ) (-228 792 144 ) (-228 728 144 ) (-228 728 160 ) 
4 143 149 (-580 792 160 ) (-580 792 144 ) (-580 728 144 ) (-580 728 160 ) 
4 143 145 (-580 728 160 ) (-580 728 144 ) (-468 728 144 ) (-468 728 160 ) 
4 143 144 (-340 728 144 ) (-228 728 144 ) (-228 728 160 ) (-340 728 160 ) 
4 144 148 (-340 440 144 ) (-228 440 144 ) (-228 440 160 ) (-340 440 160 ) 
4 144 146 (-340 504 144 ) (-340 664 144 ) (-228 664 144 ) (-228 504 144 ) 
4 145 149 (-580 440 144 ) (-580 440 160 ) (-580 728 160 ) (-580 728 144 ) 
4 145 148 (-580 440 160 ) (-580 440 144 ) (-468 440 144 ) (-468 440 160 ) 
4 145 147 (-580 504 144 ) (-580 664 144 ) (-468 664 144 ) (-468 504 144 ) 
4 146 261 (-228 664 128 ) (-228 504 128 ) (-340 504 128 ) (-340 664 128 ) 
4 147 261 (-580 504 128 ) (-580 664 128 ) (-468 664 128 ) (-468 504 128 ) 
4 147 149 (-580 664 128 ) (-580 504 128 ) (-580 504 144 ) (-580 664 144 ) 
4 148 157 (-228 376 160 ) (-580 376 160 ) (-580 376 144 ) (-228 376 144 ) 
4 148 149 (-580 376 144 ) (-580 376 160 ) (-580 440 160 ) (-580 440 144 ) 
4 149 276 (-660 792 128 ) (-580 792 128 ) (-580 376 128 ) (-660 376 128 ) 
4 149 160 (-660 376 136 ) (-660 376 128 ) (-580 376 128 ) (-580 376 136 ) 
4 149 157 (-580 376 160 ) (-660 376 160 ) (-660 376 136 ) (-580 376 136 ) 
4 149 155 (-660 376 144 ) (-660 376 160 ) (-660 440 160 ) (-660 440 144 ) 
4 149 153 (-660 664 128 ) (-660 504 128 ) (-660 504 144 ) (-660 664 144 ) 
4 149 151 (-660 440 144 ) (-660 440 160 ) (-660 728 160 ) (-660 728 144 ) 
4 149 150 (-660 792 160 ) (-660 792 144 ) (-660 728 144 ) (-660 728 160 ) 
4 150 156 (-1012 792 160 ) (-1012 792 144 ) (-1012 728 144 ) (-1012 728 160 ) 
4 150 152 (-1012 728 160 ) (-1012 728 144 ) (-900 728 144 ) (-900 728 160 ) 
4 150 151 (-772 728 144 ) (-660 728 144 ) (-660 728 160 ) (-772 728 160 ) 
4 151 155 (-772 440 144 ) (-660 440 144 ) (-660 440 160 ) (-772 440 160 ) 
4 151 153 (-772 504 144 ) (-772 664 144 ) (-660 664 144 ) (-660 504 144 ) 
4 152 156 (-1012 440 144 ) (-1012 440 160 ) (-1012 728 160 ) (-1012 728 144 ) 
4 152 155 (-1012 440 160 ) (-1012 440 144 ) (-900 440 144 ) (-900 440 160 ) 
4 152 154 (-1012 504 144 ) (-1012 664 144 ) (-900 664 144 ) (-900 504 144 ) 
4 153 278 (-660 664 128 ) (-660 504 128 ) (-772 504 128 ) (-772 664 128 ) 
4 154 278 (-1012 504 128 ) (-1012 664 128 ) (-900 664 128 ) (-900 504 128 ) 
4 154 156 (-1012 664 128 ) (-1012 504 128 ) (-1012 504 144 ) (-1012 664 144 ) 
4 155 157 (-660 376 160 ) (-1012 376 160 ) (-1012 376 144 ) (-660 376 144 ) 
4 155 156 (-1012 376 144 ) (-1012 376 160 ) (-1012 440 160 ) (-1012 440 144 ) 
4 156 293 (-1216 376 128 ) (-1216 448 128 ) (-1012 448 128 ) (-1012 376 128 ) 
4 156 292 (-1184 640 128 ) (-1012 640 128 ) (-1012 448 128 ) (-1184 448 128 ) 
4 156 291 (-1216 640 128 ) (-1216 792 128 ) (-1012 792 128 ) (-1012 640 128 ) 
4 156 163 (-1216 576 128 ) (-1216 512 128 ) (-1216 512 160 ) (-1216 576 160 ) 
4 156 162 (-1216 376 136 ) (-1216 376 128 ) (-1012 376 128 ) (-1012 376 136 ) 
4 156 157 (-1012 376 160 ) (-1216 376 160 ) (-1216 376 136 ) (-1012 376 136 ) 
4 157 162 (-892 4 136 ) (-1216 4 136 ) (-1216 376 136 ) (-892 376 136 ) 
4 157 161 (-796 4 136 ) (-892 4 136 ) (-892 360 136 ) (-796 360 136 ) 
4 157 160 (-460 4 136 ) (-796 4 136 ) (-796 376 136 ) (-460 376 136 ) 
4 157 159 (-364 4 136 ) (-460 4 136 ) (-460 360 136 ) (-364 360 136 ) 
4 157 158 (-40 4 136 ) (-364 4 136 ) (-364 376 136 ) (-40 376 136 ) 
4 158 263 (-364 376 128 ) (-228 376 128 ) (-228 4 128 ) (-364 4 128 ) 
4 158 253 (-228 376 128 ) (-72 376 128 ) (-72 4 128 ) (-228 4 128 ) 
4 158 252 (-72 376 128 ) (-40 376 128 ) (-40 4 128 ) (-72 4 128 ) 
4 158 159 (-364 4 128 ) (-364 4 136 ) (-364 360 136 ) (-364 352 128 ) 
4 159 264 (-364 352 128 ) (-364 4 128 ) (-460 4 128 ) (-460 352 128 ) 
4 159 160 (-460 4 128 ) (-460 4 136 ) (-460 360 136 ) (-460 352 128 ) 
4 160 280 (-796 376 128 ) (-660 376 128 ) (-660 4 128 ) (-796 4 128 ) 
4 160 276 (-660 376 128 ) (-580 376 128 ) (-580 4 128 ) (-660 4 128 ) 
4 160 265 (-580 376 128 ) (-460 376 128 ) (-460 4 128 ) (-580 4 128 ) 
4 160 161 (-796 4 128 ) (-796 4 136 ) (-796 360 136 ) (-796 352 128 ) 
4 161 281 (-796 352 128 ) (-796 4 128 ) (-892 4 128 ) (-892 352 128 ) 
4 161 162 (-892 4 128 ) (-892 4 136 ) (-892 360 136 ) (-892 352 128 ) 
4 162 294 (-1216 4 128 ) (-1216 64 128 ) (-1012 64 128 ) (-1012 4 128 ) 
4 162 293 (-1216 64 128 ) (-1216 376 128 ) (-1012 376 128 ) (-1012 64 128 ) 
4 162 282 (-1012 376 128 ) (-892 376 128 ) (-892 4 128 ) (-1012 4 128 ) 
4 163 164 (-1248 576 128 ) (-1248 512 128 ) (-1248 512 240 ) (-1248 576 240 ) 
4 164 333 (-1312 4 128 ) (-1312 328 128 ) (-1252 328 128 ) (-1252 4 128 ) 
4 164 332 (-1312 328 128 ) (-1312 336 128 ) (-1252 336 128 ) (-1252 328 128 ) 
4 164 331 (-1312 336 128 ) (-1312 344 128 ) (-1252 344 128 ) (-1252 336 128 ) 
4 164 330 (-1312 344 128 ) (-1312 352 128 ) (-1252 352 128 ) (-1252 344 128 ) 
4 164 329 (-1312 352 128 ) (-1312 360 128 ) (-1252 360 128 ) (-1252 352 128 ) 
4 164 328 (-1312 360 128 ) (-1312 368 128 ) (-1252 368 128 ) (-1252 360 128 ) 
4 164 327 (-1312 368 128 ) (-1312 376 128 ) (-1252 376 128 ) (-1252 368 128 ) 
4 164 326 (-1312 376 128 ) (-1312 384 128 ) (-1252 384 128 ) (-1252 376 128 ) 
4 164 325 (-1312 384 128 ) (-1312 392 128 ) (-1252 392 128 ) (-1252 384 128 ) 
4 164 324 (-1312 392 128 ) (-1312 400 128 ) (-1252 400 128 ) (-1252 392 128 ) 
4 164 323 (-1312 400 128 ) (-1312 408 128 ) (-1252 408 128 ) (-1252 400 128 ) 
4 164 322 (-1312 408 128 ) (-1312 416 128 ) (-1252 416 128 ) (-1252 408 128 ) 
4 164 321 (-1312 416 128 ) (-1312 424 128 ) (-1252 424 128 ) (-1252 416 128 ) 
4 164 320 (-1312 424 128 ) (-1312 432 128 ) (-1252 432 128 ) (-1252 424 128 ) 
4 164 319 (-1312 432 128 ) (-1312 440 128 ) (-1252 440 128 ) (-1252 432 128 ) 
4 164 318 (-1252 448 128 ) (-1248 448 128 ) (-1248 4 128 ) (-1252 4 128 ) 
4 164 314 (-1312 648 128 ) (-1312 656 128 ) (-1248 656 128 ) (-1248 648 128 ) 
4 164 313 (-1312 656 128 ) (-1312 664 128 ) (-1248 664 128 ) (-1248 656 128 ) 
4 164 312 (-1312 664 128 ) (-1312 672 128 ) (-1248 672 128 ) (-1248 664 128 ) 
4 164 311 (-1312 672 128 ) (-1312 680 128 ) (-1248 680 128 ) (-1248 672 128 ) 
4 164 310 (-1312 680 128 ) (-1312 688 128 ) (-1248 688 128 ) (-1248 680 128 ) 
4 164 309 (-1312 688 128 ) (-1312 696 128 ) (-1248 696 128 ) (-1248 688 128 ) 
4 164 308 (-1312 696 128 ) (-1312 704 128 ) (-1248 704 128 ) (-1248 696 128 ) 
4 164 307 (-1312 704 128 ) (-1312 712 128 ) (-1248 712 128 ) (-1248 704 128 ) 
4 164 306 (-1312 712 128 ) (-1312 720 128 ) (-1248 720 128 ) (-1248 712 128 ) 
4 164 305 (-1312 720 128 ) (-1312 728 128 ) (-1248 728 128 ) (-1248 720 128 ) 
4 164 304 (-1312 728 128 ) (-1312 736 128 ) (-1248 736 128 ) (-1248 728 128 ) 
4 164 303 (-1312 736 128 ) (-1312 744 128 ) (-1248 744 128 ) (-1248 736 128 ) 
4 164 302 (-1312 744 128 ) (-1312 752 128 ) (-1248 752 128 ) (-1248 744 128 ) 
4 164 301 (-1312 752 128 ) (-1312 760 128 ) (-1248 760 128 ) (-1248 752 128 ) 
4 164 300 (-1312 760 128 ) (-1312 896 128 ) (-1248 896 128 ) (-1248 760 128 ) 
4 164 212 (-1312 280 128 ) (-1312 4 128 ) (-1312 4 256 ) (-1312 280 256 ) 
4 164 211 (-1312 328 248 ) (-1312 328 256 ) (-1312 336 256 ) (-1312 336 248 ) 
4 164 210 (-1312 336 240 ) (-1312 336 256 ) (-1312 344 256 ) (-1312 344 240 ) 
4 164 209 (-1312 344 232 ) (-1312 344 256 ) (-1312 352 256 ) (-1312 352 232 ) 
4 164 208 (-1312 352 224 ) (-1312 352 256 ) (-1312 360 256 ) (-1312 360 224 ) 
4 164 207 (-1312 360 216 ) (-1312 360 256 ) (-1312 368 256 ) (-1312 368 216 ) 
4 164 206 (-1312 368 208 ) (-1312 368 256 ) (-1312 376 256 ) (-1312 376 208 ) 
4 164 205 (-1312 376 200 ) (-1312 376 256 ) (-1312 384 256 ) (-1312 384 200 ) 
4 164 204 (-1312 384 192 ) (-1312 384 256 ) (-1312 392 256 ) (-1312 392 192 ) 
4 164 203 (-1312 392 184 ) (-1312 392 256 ) (-1312 400 256 ) (-1312 400 184 ) 
4 164 202 (-1312 400 176 ) (-1312 400 256 ) (-1312 408 256 ) (-1312 408 176 ) 
4 164 201 (-1312 408 168 ) (-1312 408 256 ) (-1312 416 256 ) (-1312 416 168 ) 
4 164 200 (-1312 416 160 ) (-1312 416 256 ) (-1312 424 256 ) (-1312 424 160 ) 
4 164 199 (-1312 424 152 ) (-1312 424 256 ) (-1312 432 256 ) (-1312 432 152 ) 
4 164 198 (-1312 432 144 ) (-1312 432 256 ) (-1312 440 256 ) (-1312 440 144 ) 
4 164 197 (-1312 440 136 ) (-1312 440 256 ) (-1312 448 256 ) (-1312 448 136 ) 
4 164 196 (-1312 896 128 ) (-1312 448 128 ) (-1312 448 256 ) (-1312 896 256 ) 
4 164 194 (-1312 4 256 ) (-1312 4 320 ) (-1312 192 320 ) (-1312 192 256 ) 
4 164 193 (-1312 4 320 ) (-1312 4 432 ) (-1312 112 432 ) (-1312 112 320 ) 
4 164 192 (-1312 112 432 ) (-1312 115.8 432 ) (-1312 118.6 320 ) (-1312 112 320 ) 
4 164 190 (-1312 152 432 ) (-1312 160 432 ) (-1312 160 424 ) (-1312 152 424 ) 
4 164 186 (-1312 160 432 ) (-1312 168 432 ) (-1312 168 416 ) (-1312 160 416 ) 
4 164 185 (-1312 168 432 ) (-1312 176 432 ) (-1312 176 408 ) (-1312 168 408 ) 
4 164 184 (-1312 176 432 ) (-1312 184 432 ) (-1312 184 400 ) (-1312 176 400 ) 
4 164 183 (-1312 184 432 ) (-1312 192 432 ) (-1312 192 392 ) (-1312 184 392 ) 
4 164 182 (-1312 192 432 ) (-1312 200 432 ) (-1312 200 384 ) (-1312 192 384 ) 
4 164 181 (-1312 200 432 ) (-1312 208 432 ) (-1312 208 376 ) (-1312 200 376 ) 
4 164 180 (-1312 208 432 ) (-1312 216 432 ) (-1312 216 368 ) (-1312 208 368 ) 
4 164 179 (-1312 216 432 ) (-1312 224 432 ) (-1312 224 360 ) (-1312 216 360 ) 
4 164 178 (-1312 224 432 ) (-1312 232 432 ) (-1312 232 352 ) (-1312 224 352 ) 
4 164 177 (-1312 232 432 ) (-1312 240 432 ) (-1312 240 344 ) (-1312 232 344 ) 
4 164 176 (-1312 240 432 ) (-1312 248 432 ) (-1312 248 336 ) (-1312 240 336 ) 
4 164 175 (-1312 248 432 ) (-1312 256 432 ) (-1312 256 328 ) (-1312 248 328 ) 
4 164 174 (-1312 256 432 ) (-1312 264 432 ) (-1312 264 320 ) (-1312 256 320 ) 
4 164 173 (-1312 264 432 ) (-1312 272 432 ) (-1312 272 312 ) (-1312 264 312 ) 
4 164 172 (-1312 272 432 ) (-1312 280 432 ) (-1312 280 304 ) (-1312 272 304 ) 
4 164 171 (-1312 280 432 ) (-1312 288 432 ) (-1312 288 296 ) (-1312 280 296 ) 
4 164 170 (-1312 288 432 ) (-1312 296 432 ) (-1312 296 288 ) (-1312 288 288 ) 
4 164 169 (-1312 296 432 ) (-1312 304 432 ) (-1312 304 280 ) (-1312 296 280 ) 
4 164 168 (-1312 304 432 ) (-1312 312 432 ) (-1312 312 272 ) (-1312 304 272 ) 
4 164 167 (-1312 312 432 ) (-1312 320 432 ) (-1312 320 264 ) (-1312 312 264 ) 
4 164 166 (-1312 320 432 ) (-1312 896 432 ) (-1312 896 256 ) (-1312 320 256 ) 
3 165 195 (-1312 1020.0746460746468 256 ) (-1312 1003.6875 256 ) (-1370 1020 256 ) 
4 165 166 (-1370 1020 745.998914346259 ) (-1370 1020 256 ) (-1312 1003.6875 256 ) (-1312 1003.6875 745.9989556591415 ) 
4 166 211 (-1376 328 256 ) (-1376 336 256 ) (-1312 336 256 ) (-1312 328 256 ) 
4 166 210 (-1376 336 256 ) (-1376 344 256 ) (-1312 344 256 ) (-1312 336 256 ) 
4 166 209 (-1376 344 256 ) (-1376 352 256 ) (-1312 352 256 ) (-1312 344 256 ) 
4 166 208 (-1376 352 256 ) (-1376 360 256 ) (-1312 360 256 ) (-1312 352 256 ) 
4 166 207 (-1376 360 256 ) (-1376 368 256 ) (-1312 368 256 ) (-1312 360 256 ) 
4 166 206 (-1376 368 256 ) (-1376 376 256 ) (-1312 376 256 ) (-1312 368 256 ) 
4 166 205 (-1376 376 256 ) (-1376 384 256 ) (-1312 384 256 ) (-1312 376 256 ) 
4 166 204 (-1376 384 256 ) (-1376 392 256 ) (-1312 392 256 ) (-1312 384 256 ) 
4 166 203 (-1376 392 256 ) (-1376 400 256 ) (-1312 400 256 ) (-1312 392 256 ) 
4 166 202 (-1376 400 256 ) (-1376 408 256 ) (-1312 408 256 ) (-1312 400 256 ) 
4 166 201 (-1376 408 256 ) (-1376 416 256 ) (-1312 416 256 ) (-1312 408 256 ) 
4 166 200 (-1376 416 256 ) (-1376 424 256 ) (-1312 424 256 ) (-1312 416 256 ) 
4 166 199 (-1376 424 256 ) (-1376 432 256 ) (-1312 432 256 ) (-1312 424 256 ) 
4 166 198 (-1376 432 256 ) (-1376 440 256 ) (-1312 440 256 ) (-1312 432 256 ) 
4 166 197 (-1376 440 256 ) (-1376 448 256 ) (-1312 448 256 ) (-1312 440 256 ) 
4 166 196 (-1376 448 256 ) (-1376 1021.6875 256 ) (-1312 1003.6875 256 ) (-1312 448 256 ) 
4 166 167 (-1376 320 745.9989117685063 ) (-1376 320 264 ) (-1312 320 264 ) (-1312 320 745.9989573116295 ) 
4 167 168 (-1376 312 745.9989117878422 ) (-1376 312 272 ) (-1312 312 272 ) (-1312 312 745.9989573309656 ) 
4 168 169 (-1376 304 745.998911807179 ) (-1376 304 280 ) (-1312 304 280 ) (-1312 304 745.9989573503019 ) 
4 169 170 (-1376 296 745.9989118265148 ) (-1376 296 288 ) (-1312 296 288 ) (-1312 296 745.9989573696379 ) 
4 170 171 (-1376 288 745.9989118458516 ) (-1376 288 296 ) (-1312 288 296 ) (-1312 288 745.9989573889741 ) 
4 171 172 (-1376 280 745.9989118651874 ) (-1376 280 304 ) (-1312 280 304 ) (-1312 280 745.9989574083104 ) 
4 172 173 (-1376 272 745.9989118845233 ) (-1376 272 312 ) (-1312 272 312 ) (-1312 272 745.9989574276465 ) 
4 173 174 (-1376 264 745.9989119038601 ) (-1376 264 320 ) (-1312 264 320 ) (-1312 264 745.9989574469827 ) 
4 174 175 (-1376 256 745.9989119231959 ) (-1376 256 328 ) (-1312 256 328 ) (-1312 256 745.9989574663189 ) 
4 175 176 (-1376 248 745.9989119425318 ) (-1376 248 336 ) (-1312 248 336 ) (-1312 248 745.998957485655 ) 
4 176 177 (-1376 240 745.9989119618685 ) (-1376 240 344 ) (-1312 240 344 ) (-1312 240 745.9989575049912 ) 
4 177 178 (-1376 232 745.9989119812044 ) (-1376 232 352 ) (-1312 232 352 ) (-1312 232 745.9989575243275 ) 
4 178 179 (-1376 224 745.9989120005412 ) (-1376 224 360 ) (-1312 224 360 ) (-1312 224 745.9989575436636 ) 
4 179 180 (-1376 216 745.9989120198761 ) (-1376 216 368 ) (-1312 216 368 ) (-1312 216 745.9989575629997 ) 
4 180 181 (-1376 208 745.9989120392129 ) (-1376 208 376 ) (-1312 208 376 ) (-1312 208 745.9989575823358 ) 
4 181 182 (-1376 200 745.9989120585487 ) (-1376 200 384 ) (-1312 200 384 ) (-1312 200 745.998957601672 ) 
4 182 183 (-1376 192 745.9989120778855 ) (-1376 192 392 ) (-1312 192 392 ) (-1312 192 745.9989576210083 ) 
4 183 184 (-1376 184 745.9989120972205 ) (-1376 184 400 ) (-1312 184 400 ) (-1312 184 745.9989576403444 ) 
4 184 185 (-1376 176 745.9989121165572 ) (-1376 176 408 ) (-1312 176 408 ) (-1312 176 745.9989576596806 ) 
4 185 186 (-1376 168 745.998912135894 ) (-1376 168 416 ) (-1312 168 416 ) (-1312 168 745.9989576790169 ) 
4 186 190 (-1376 160 432 ) (-1376 160 424 ) (-1312 160 424 ) (-1312 160 432 ) 
4 186 189 (-1376 160 440 ) (-1376 160 432 ) (-1312 160 432 ) (-1312 160 440 ) 
4 186 188 (-1376 160 448 ) (-1376 160 440 ) (-1312 160 440 ) (-1312 160 448 ) 
4 186 187 (-1376 160 745.9989121552298 ) (-1376 160 448 ) (-1312 160 448 ) (-1312 160 745.9989576983529 ) 
4 187 188 (-1376 112 448 ) (-1376 160 448 ) (-1312 160 448 ) (-1312 112 448 ) 
4 188 191 (-1376 112 440 ) (-1376 115.60000000000001 440 ) (-1312 115.60000000000001 440 ) (-1312 112 440 ) 
4 188 189 (-1376 144 440 ) (-1376 160 440 ) (-1312 160 440 ) (-1312 144 440 ) 
4 189 190 (-1376 152 432 ) (-1376 160 432 ) (-1312 160 432 ) (-1312 152 432 ) 
4 191 192 (-1312 112 432 ) (-1376 112 432 ) (-1376 115.8 432 ) (-1312 115.8 432 ) 
4 192 194 (-1376 112 320 ) (-1376 118.6 320 ) (-1312 118.6 320 ) (-1312 112 320 ) 
4 192 193 (-1376 112 320 ) (-1312 112 320 ) (-1312 112 432 ) (-1376 112 432 ) 
4 193 194 (-1376 4 320 ) (-1376 112 320 ) (-1312 112 320 ) (-1312 4 320 ) 
4 194 212 (-1376 4 256 ) (-1376 192 256 ) (-1312 192 256 ) (-1312 4 256 ) 
3 195 334 (-1316 1004.8125 128 ) (-1370 1020 128 ) (-1316 1020.0694980694988 128 ) 
4 195 316 (-1312 1020.0746460746468 128 ) (-1312 1003.6875 128 ) (-1316 1004.8125 128 ) (-1316 1020.0694980694988 128 ) 
4 195 196 (-1312 1003.6875000000001 128 ) (-1312 1003.6875000000001 256 ) (-1370 1020 256 ) (-1370 1020 128 ) 
4 196 335 (-1376 640 128 ) (-1376 1021.6875 128 ) (-1316 1004.8125 128 ) (-1316 640 128 ) 
4 196 316 (-1316 1004.8125 128 ) (-1312 1003.6875 128 ) (-1312 640 128 ) (-1316 640 128 ) 
4 196 197 (-1312 448 136 ) (-1312 448 256 ) (-1376 448 256 ) (-1376 448 136 ) 
4 197 198 (-1312 440 144 ) (-1312 440 256 ) (-1376 440 256 ) (-1376 440 144 ) 
4 198 199 (-1312 432 152 ) (-1312 432 256 ) (-1376 432 256 ) (-1376 432 152 ) 
4 199 200 (-1312 424 160 ) (-1312 424 256 ) (-1376 424 256 ) (-1376 424 160 ) 
4 200 201 (-1312 416 168 ) (-1312 416 256 ) (-1376 416 256 ) (-1376 416 168 ) 
4 201 202 (-1312 408 176 ) (-1312 408 256 ) (-1376 408 256 ) (-1376 408 176 ) 
4 202 203 (-1312 400 184 ) (-1312 400 256 ) (-1376 400 256 ) (-1376 400 184 ) 
4 203 204 (-1312 392 192 ) (-1312 392 256 ) (-1376 392 256 ) (-1376 392 192 ) 
4 204 205 (-1312 384 200 ) (-1312 384 256 ) (-1376 384 256 ) (-1376 384 200 ) 
4 205 206 (-1312 376 208 ) (-1312 376 256 ) (-1376 376 256 ) (-1376 376 208 ) 
4 206 207 (-1312 368 216 ) (-1312 368 256 ) (-1376 368 256 ) (-1376 368 216 ) 
4 207 208 (-1312 360 224 ) (-1312 360 256 ) (-1376 360 256 ) (-1376 360 224 ) 
4 208 209 (-1312 352 232 ) (-1312 352 256 ) (-1376 352 256 ) (-1376 352 232 ) 
4 209 210 (-1312 344 240 ) (-1312 344 256 ) (-1376 344 256 ) (-1376 344 240 ) 
4 210 211 (-1312 336 248 ) (-1312 336 256 ) (-1376 336 256 ) (-1376 336 248 ) 
4 212 337 (-1376 4 128 ) (-1376 280 128 ) (-1316 280 128 ) (-1316 4 128 ) 
4 212 333 (-1316 280 128 ) (-1312 280 128 ) (-1312 4 128 ) (-1316 4 128 ) 
4 213 230 (60 584 120 ) (60 584 128 ) (60 592 128 ) (60 592 120 ) 
4 213 229 (60 600 112 ) (60 592 112 ) (60 592 128 ) (60 600 128 ) 
4 213 228 (60 608 112 ) (60 600 112 ) (60 600 128 ) (60 608 128 ) 
4 213 227 (60 616 112 ) (60 608 112 ) (60 608 128 ) (60 616 128 ) 
4 213 226 (60 624 112 ) (60 616 112 ) (60 616 128 ) (60 624 128 ) 
4 213 225 (60 632 112 ) (60 624 112 ) (60 624 128 ) (60 632 128 ) 
4 213 224 (60 640 112 ) (60 632 112 ) (60 632 128 ) (60 640 128 ) 
4 213 223 (60 648 112 ) (60 640 112 ) (60 640 128 ) (60 648 128 ) 
4 213 222 (60 656 112 ) (60 648 112 ) (60 648 128 ) (60 656 128 ) 
4 213 221 (60 664 112 ) (60 656 112 ) (60 656 128 ) (60 664 128 ) 
4 213 220 (60 672 112 ) (60 664 112 ) (60 664 128 ) (60 672 128 ) 
4 213 219 (60 680 112 ) (60 672 112 ) (60 672 128 ) (60 680 128 ) 
4 213 218 (60 688 112 ) (60 680 112 ) (60 680 128 ) (60 688 128 ) 
4 213 217 (60 696 112 ) (60 688 112 ) (60 688 128 ) (60 696 128 ) 
4 213 216 (60 1021.8404118404123 112 ) (60 696 112 ) (60 696 128 ) (60 1021.8404118404119 128 ) 
4 213 215 (60 576 112 ) (60 1021.8404118404119 112 ) (120 1021.9176319176322 112 ) (120 576 112 ) 
4 214 233 (60 384 112 ) (60 4 112 ) (60 4 128 ) (60 384 128 ) 
4 214 215 (60 4 112 ) (60 384 112 ) (120 384 112 ) (120 4 112 ) 
4 215 233 (60 384 8 ) (60 4 8 ) (60 4 112 ) (60 384 112 ) 
4 215 232 (60 576 8 ) (60 384 8 ) (60 384 112 ) (60 576 112 ) 
4 215 228 (60 600 104 ) (60 600 112 ) (60 608 112 ) (60 608 104 ) 
4 215 227 (60 608 96 ) (60 608 112 ) (60 616 112 ) (60 616 96 ) 
4 215 226 (60 616 88 ) (60 616 112 ) (60 624 112 ) (60 624 88 ) 
4 215 225 (60 624 80 ) (60 624 112 ) (60 632 112 ) (60 632 80 ) 
4 215 224 (60 632 72 ) (60 632 112 ) (60 640 112 ) (60 640 72 ) 
4 215 223 (60 640 64 ) (60 640 112 ) (60 648 112 ) (60 648 64 ) 
4 215 222 (60 648 56 ) (60 648 112 ) (60 656 112 ) (60 656 56 ) 
4 215 221 (60 656 48 ) (60 656 112 ) (60 664 112 ) (60 664 48 ) 
4 215 220 (60 664 40 ) (60 664 112 ) (60 672 112 ) (60 672 40 ) 
4 215 219 (60 672 32 ) (60 672 112 ) (60 680 112 ) (60 680 32 ) 
4 215 218 (60 680 24 ) (60 680 112 ) (60 688 112 ) (60 688 24 ) 
4 215 217 (60 688 16 ) (60 688 112 ) (60 696 112 ) (60 696 16 ) 
4 215 216 (60 1021.8404118404114 8 ) (60 696 8 ) (60 696 112 ) (60 1021.840411840412 112 ) 
4 216 231 (-4 1021.7580437580436 8 ) (-4 696 8 ) (-4 696 128 ) (-4 1021.7580437580439 128 ) 
4 216 217 (-4 696 128 ) (-4 696 16 ) (60 696 16 ) (60 696 128 ) 
4 217 231 (-4 688 16 ) (-4 688 128 ) (-4 696 128 ) (-4 696 16 ) 
4 217 218 (-4 688 128 ) (-4 688 24 ) (60 688 24 ) (60 688 128 ) 
4 218 231 (-4 680 24 ) (-4 680 128 ) (-4 688 128 ) (-4 688 24 ) 
4 218 219 (-4 680 128 ) (-4 680 32 ) (60 680 32 ) (60 680 128 ) 
4 219 231 (-4 672 32 ) (-4 672 128 ) (-4 680 128 ) (-4 680 32 ) 
4 219 220 (-4 672 128 ) (-4 672 40 ) (60 672 40 ) (60 672 128 ) 
4 220 231 (-4 664 40 ) (-4 664 128 ) (-4 672 128 ) (-4 672 40 ) 
4 220 221 (-4 664 128 ) (-4 664 48 ) (60 664 48 ) (60 664 128 ) 
4 221 231 (-4 656 48 ) (-4 656 128 ) (-4 664 128 ) (-4 664 48 ) 
4 221 222 (-4 656 128 ) (-4 656 56 ) (60 656 56 ) (60 656 128 ) 
4 222 231 (-4 648 56 ) (-4 648 128 ) (-4 656 128 ) (-4 656 56 ) 
4 222 223 (-4 648 128 ) (-4 648 64 ) (60 648 64 ) (60 648 128 ) 
4 223 231 (-4 640 64 ) (-4 640 128 ) (-4 648 128 ) (-4 648 64 ) 
4 223 224 (-4 640 128 ) (-4 640 72 ) (60 640 72 ) (60 640 128 ) 
4 224 231 (-4 632 72 ) (-4 632 128 ) (-4 640 128 ) (-4 640 72 ) 
4 224 225 (-4 632 128 ) (-4 632 80 ) (60 632 80 ) (60 632 128 ) 
4 225 231 (-4 624 80 ) (-4 624 128 ) (-4 632 128 ) (-4 632 80 ) 
4 225 226 (-4 624 128 ) (-4 624 88 ) (60 624 88 ) (60 624 128 ) 
4 226 231 (-4 616 88 ) (-4 616 128 ) (-4 624 128 ) (-4 624 88 ) 
4 226 227 (-4 616 128 ) (-4 616 96 ) (60 616 96 ) (60 616 128 ) 
4 227 231 (-4 608 96 ) (-4 608 128 ) (-4 616 128 ) (-4 616 96 ) 
4 227 228 (-4 608 128 ) (-4 608 104 ) (60 608 104 ) (60 608 128 ) 
4 228 231 (-4 600 104 ) (-4 600 128 ) (-4 608 128 ) (-4 608 104 ) 
4 228 229 (-4 600 128 ) (-4 600 112 ) (60 600 112 ) (60 600 128 ) 
4 229 231 (-4 592 112 ) (-4 592 128 ) (-4 600 128 ) (-4 600 112 ) 
4 229 230 (-4 592 128 ) (-4 592 120 ) (60 592 120 ) (60 592 128 ) 
4 230 231 (-4 584 120 ) (-4 584 128 ) (-4 592 128 ) (-4 592 120 ) 
4 231 254 (-8 960 8 ) (-8 896 8 ) (-8 896 112 ) (-8 960 112 ) 
4 231 234 (-8 576 112 ) (-8 576 8 ) (-4 576 8 ) (-4 576 112 ) 
4 232 234 (56 576 112 ) (56 576 8 ) (56 384 8 ) (56 384 112 ) 
4 232 233 (56 384 112 ) (56 384 8 ) (60 384 8 ) (60 384 112 ) 
4 233 249 (56 264 8 ) (56 4 8 ) (56 4 128 ) (56 264 128 ) 
4 233 248 (56 264 16 ) (56 264 128 ) (56 272 128 ) (56 272 16 ) 
4 233 247 (56 272 24 ) (56 272 128 ) (56 280 128 ) (56 280 24 ) 
4 233 246 (56 280 32 ) (56 280 128 ) (56 288 128 ) (56 288 32 ) 
4 233 245 (56 288 40 ) (56 288 128 ) (56 296 128 ) (56 296 40 ) 
4 233 244 (56 296 48 ) (56 296 128 ) (56 304 128 ) (56 304 48 ) 
4 233 243 (56 304 56 ) (56 304 128 ) (56 312 128 ) (56 312 56 ) 
4 233 242 (56 312 64 ) (56 312 128 ) (56 320 128 ) (56 320 64 ) 
4 233 241 (56 320 72 ) (56 320 128 ) (56 328 128 ) (56 328 72 ) 
4 233 240 (56 328 80 ) (56 328 128 ) (56 336 128 ) (56 336 80 ) 
4 233 239 (56 336 88 ) (56 336 128 ) (56 344 128 ) (56 344 88 ) 
4 233 238 (56 344 96 ) (56 344 128 ) (56 352 128 ) (56 352 96 ) 
4 233 237 (56 352 104 ) (56 352 128 ) (56 360 128 ) (56 360 104 ) 
4 233 236 (56 360 112 ) (56 360 128 ) (56 368 128 ) (56 368 112 ) 
4 233 235 (56 368 120 ) (56 368 128 ) (56 376 128 ) (56 376 120 ) 
4 235 236 (-8 368 128 ) (-8 368 120 ) (56 368 120 ) (56 368 128 ) 
4 236 237 (-8 360 128 ) (-8 360 112 ) (56 360 112 ) (56 360 128 ) 
4 237 238 (-8 352 128 ) (-8 352 104 ) (56 352 104 ) (56 352 128 ) 
4 238 239 (-8 344 128 ) (-8 344 96 ) (56 344 96 ) (56 344 128 ) 
4 239 240 (-8 336 128 ) (-8 336 88 ) (56 336 88 ) (56 336 128 ) 
4 240 241 (-8 328 128 ) (-8 328 80 ) (56 328 80 ) (56 328 128 ) 
4 241 242 (-8 320 128 ) (-8 320 72 ) (56 320 72 ) (56 320 128 ) 
4 242 243 (-8 312 128 ) (-8 312 64 ) (56 312 64 ) (56 312 128 ) 
4 243 244 (-8 304 128 ) (-8 304 56 ) (56 304 56 ) (56 304 128 ) 
4 244 245 (-8 296 128 ) (-8 296 48 ) (56 296 48 ) (56 296 128 ) 
4 245 246 (-8 288 128 ) (-8 288 40 ) (56 288 40 ) (56 288 128 ) 
4 246 247 (-8 280 128 ) (-8 280 32 ) (56 280 32 ) (56 280 128 ) 
4 247 248 (-8 272 128 ) (-8 272 24 ) (56 272 24 ) (56 272 128 ) 
4 248 249 (-8 264 128 ) (-8 264 16 ) (56 264 16 ) (56 264 128 ) 
4 249 255 (-8 128 8 ) (-8 64 8 ) (-8 64 112 ) (-8 128 112 ) 
4 250 257 (-228 1021.4697554697559 112 ) (-228 960 112 ) (-228 960 128 ) (-228 1021.4697554697555 128 ) 
4 250 256 (-228 960 112 ) (-228 1021.4697554697555 112 ) (-40 1021.7117117117123 112 ) (-40 960 112 ) 
4 250 253 (-228 960 128 ) (-228 960 112 ) (-72 960 112 ) (-72 960 128 ) 
4 250 251 (-72 960 112 ) (-40 960 112 ) (-40 960 128 ) (-72 960 128 ) 
4 251 256 (-72 960 112 ) (-40 960 112 ) (-40 576 112 ) (-72 576 112 ) 
4 251 253 (-72 960 128 ) (-72 960 112 ) (-72 576 112 ) (-72 576 128 ) 
4 252 256 (-40 4 112 ) (-72 4 112 ) (-72 384 112 ) (-40 384 112 ) 
4 252 253 (-72 384 112 ) (-72 4 112 ) (-72 4 128 ) (-72 384 128 ) 
4 253 263 (-228 376 112 ) (-228 4 112 ) (-228 4 128 ) (-228 376 128 ) 
4 253 262 (-228 488 112 ) (-228 392 112 ) (-228 392 128 ) (-228 488 128 ) 
4 253 261 (-228 664 112 ) (-228 504 112 ) (-228 504 128 ) (-228 664 128 ) 
4 253 260 (-228 776 112 ) (-228 680 112 ) (-228 680 128 ) (-228 776 128 ) 
4 253 257 (-228 960 112 ) (-228 792 112 ) (-228 792 128 ) (-228 960 128 ) 
4 253 256 (-228 4 112 ) (-228 960 112 ) (-72 960 112 ) (-72 4 112 ) 
4 254 256 (-40 960 8 ) (-40 896 8 ) (-40 896 112 ) (-40 960 112 ) 
4 255 256 (-40 128 8 ) (-40 64 8 ) (-40 64 112 ) (-40 128 112 ) 
4 256 270 (-228 376 8 ) (-228 4 8 ) (-228 4 16 ) (-228 376 16 ) 
4 256 269 (-228 664 8 ) (-228 504 8 ) (-228 504 16 ) (-228 664 16 ) 
4 256 266 (-228 1021.4697554697559 8 ) (-228 792 8 ) (-228 792 16 ) (-228 1021.4697554697559 16 ) 
4 256 263 (-228 4 16 ) (-228 4 112 ) (-228 376 112 ) (-228 376 16 ) 
4 256 262 (-228 392 112 ) (-228 488 112 ) (-228 488 16 ) (-228 392 16 ) 
4 256 261 (-228 504 112 ) (-228 664 112 ) (-228 664 16 ) (-228 504 16 ) 
4 256 260 (-228 680 112 ) (-228 776 112 ) (-228 776 16 ) (-228 680 16 ) 
4 256 257 (-228 792 112 ) (-228 1021.4697554697555 112 ) (-228 1021.4697554697559 16 ) (-228 792 16 ) 
4 257 266 (-228 1021.4697554697559 16 ) (-228 792 16 ) (-356 792 16 ) (-356 1021.3050193050193 16 ) 
4 257 258 (-356 1021.3050193050194 16 ) (-356 928 16 ) (-356 816 128 ) (-356 1021.3050193050193 128 ) 
4 258 267 (-356 1021.3050193050194 16 ) (-356 928 16 ) (-452 928 16 ) (-452 1021.1814671814673 16 ) 
4 258 259 (-452 1021.1814671814664 16 ) (-452 928 16 ) (-452 816 128 ) (-452 1021.1814671814673 128 ) 
4 259 273 (-580 1021.0167310167308 16 ) (-580 792 16 ) (-580 792 128 ) (-580 1021.0167310167311 128 ) 
4 259 268 (-580 792 16 ) (-580 1021.0167310167311 16 ) (-452 1021.1814671814664 16 ) (-452 792 16 ) 
4 260 276 (-580 776 16 ) (-580 680 16 ) (-580 680 128 ) (-580 776 128 ) 
4 261 276 (-580 664 16 ) (-580 504 16 ) (-580 504 128 ) (-580 664 128 ) 
4 261 269 (-580 504 16 ) (-580 664 16 ) (-228 664 16 ) (-228 504 16 ) 
4 262 276 (-580 488 16 ) (-580 392 16 ) (-580 392 128 ) (-580 488 128 ) 
4 263 270 (-364 376 16 ) (-228 376 16 ) (-228 4 16 ) (-364 4 16 ) 
4 263 264 (-364 240 16 ) (-364 4 16 ) (-364 4 128 ) (-364 352 128 ) 
4 264 271 (-364 240 16 ) (-364 4 16 ) (-460 4 16 ) (-460 240 16 ) 
4 264 265 (-460 240 16 ) (-460 4 16 ) (-460 4 128 ) (-460 352 128 ) 
4 265 276 (-580 376 16 ) (-580 4 16 ) (-580 4 128 ) (-580 376 128 ) 
4 265 272 (-580 4 16 ) (-580 376 16 ) (-460 376 16 ) (-460 4 16 ) 
4 266 267 (-356 1021.3050193050194 8 ) (-356 936 8 ) (-356 928 16 ) (-356 1021.3050193050193 16 ) 
4 267 268 (-452 1021.1814671814664 8 ) (-452 936 8 ) (-452 928 16 ) (-452 1021.1814671814673 16 ) 
4 268 283 (-580 1021.0167310167308 8 ) (-580 792 8 ) (-580 792 16 ) (-580 1021.0167310167311 16 ) 
4 269 286 (-580 664 8 ) (-580 504 8 ) (-580 504 16 ) (-580 664 16 ) 
4 270 271 (-364 232 8 ) (-364 4 8 ) (-364 4 16 ) (-364 240 16 ) 
4 271 272 (-460 232 8 ) (-460 4 8 ) (-460 4 16 ) (-460 240 16 ) 
4 272 288 (-580 376 8 ) (-580 4 8 ) (-580 4 16 ) (-580 376 16 ) 
4 273 283 (-580 1021.0167310167308 16 ) (-580 792 16 ) (-788 792 16 ) (-788 1020.7490347490348 16 ) 
4 273 276 (-660 792 16 ) (-580 792 16 ) (-580 792 128 ) (-660 792 128 ) 
4 273 274 (-788 1020.7490347490348 16 ) (-788 928 16 ) (-788 816 128 ) (-788 1020.7490347490348 128 ) 
4 274 284 (-788 1020.7490347490348 16 ) (-788 928 16 ) (-884 928 16 ) (-884 1020.6254826254826 16 ) 
4 274 275 (-884 1020.6254826254826 16 ) (-884 928 16 ) (-884 816 128 ) (-884 1020.6254826254826 128 ) 
4 275 296 (-1012 960 16 ) (-1012 792 16 ) (-1012 792 112 ) (-1012 960 112 ) 
4 275 295 (-1012 1020.460746460747 16 ) (-1012 960 16 ) (-1012 960 112 ) (-1012 1020.4607464607466 112 ) 
4 275 291 (-1012 792 112 ) (-1012 792 128 ) (-1012 1020.4607464607465 128 ) (-1012 1020.4607464607466 112 ) 
4 275 285 (-1012 792 16 ) (-1012 1020.4607464607465 16 ) (-884 1020.6254826254826 16 ) (-884 792 16 ) 
4 276 288 (-660 4 16 ) (-660 376 16 ) (-580 376 16 ) (-580 4 16 ) 
4 276 286 (-660 376 16 ) (-660 792 16 ) (-580 792 16 ) (-580 376 16 ) 
4 276 280 (-660 376 16 ) (-660 4 16 ) (-660 4 128 ) (-660 376 128 ) 
4 276 279 (-660 488 16 ) (-660 392 16 ) (-660 392 128 ) (-660 488 128 ) 
4 276 278 (-660 664 16 ) (-660 504 16 ) (-660 504 128 ) (-660 664 128 ) 
4 276 277 (-660 776 16 ) (-660 680 16 ) (-660 680 128 ) (-660 776 128 ) 
4 277 296 (-1012 776 16 ) (-1012 680 16 ) (-1012 680 112 ) (-1012 776 112 ) 
4 277 291 (-1012 680 112 ) (-1012 680 128 ) (-1012 776 128 ) (-1012 776 112 ) 
4 278 296 (-1012 664 16 ) (-1012 504 16 ) (-1012 504 112 ) (-1012 664 112 ) 
4 278 292 (-1012 504 112 ) (-1012 504 128 ) (-1012 640 128 ) (-1012 640 112 ) 
4 278 291 (-1012 640 128 ) (-1012 664 128 ) (-1012 664 112 ) (-1012 640 112 ) 
4 278 287 (-1012 504 16 ) (-1012 664 16 ) (-660 664 16 ) (-660 504 16 ) 
4 279 296 (-1012 488 16 ) (-1012 392 16 ) (-1012 392 112 ) (-1012 488 112 ) 
4 279 293 (-1012 392 112 ) (-1012 392 128 ) (-1012 448 128 ) (-1012 448 112 ) 
4 279 292 (-1012 448 128 ) (-1012 488 128 ) (-1012 488 112 ) (-1012 448 112 ) 
4 280 288 (-796 376 16 ) (-660 376 16 ) (-660 4 16 ) (-796 4 16 ) 
4 280 281 (-796 240 16 ) (-796 4 16 ) (-796 4 128 ) (-796 352 128 ) 
4 281 289 (-796 240 16 ) (-796 4 16 ) (-892 4 16 ) (-892 240 16 ) 
4 281 282 (-892 240 16 ) (-892 4 16 ) (-892 4 128 ) (-892 352 128 ) 
4 282 299 (-1012 64 16 ) (-1012 4 16 ) (-1012 4 112 ) (-1012 64 112 ) 
4 282 296 (-1012 376 16 ) (-1012 64 16 ) (-1012 64 112 ) (-1012 376 112 ) 
4 282 294 (-1012 4 112 ) (-1012 4 128 ) (-1012 64 128 ) (-1012 64 112 ) 
4 282 293 (-1012 64 128 ) (-1012 376 128 ) (-1012 376 112 ) (-1012 64 112 ) 
4 282 290 (-1012 4 16 ) (-1012 376 16 ) (-892 376 16 ) (-892 4 16 ) 
4 283 286 (-580 792 8 ) (-580 792 16 ) (-660 792 16 ) (-660 792 8 ) 
4 283 284 (-788 1020.7490347490348 8 ) (-788 936 8 ) (-788 928 16 ) (-788 1020.7490347490348 16 ) 
4 284 285 (-884 1020.6254826254826 8 ) (-884 936 8 ) (-884 928 16 ) (-884 1020.6254826254826 16 ) 
4 285 296 (-1012 960 8 ) (-1012 792 8 ) (-1012 792 16 ) (-1012 960 16 ) 
4 285 295 (-1012 1020.460746460747 8 ) (-1012 960 8 ) (-1012 960 16 ) (-1012 1020.4607464607465 16 ) 
4 286 288 (-580 376 8 ) (-580 376 16 ) (-660 376 16 ) (-660 376 8 ) 
4 286 287 (-660 664 8 ) (-660 504 8 ) (-660 504 16 ) (-660 664 16 ) 
4 287 296 (-1012 664 8 ) (-1012 504 8 ) (-1012 504 16 ) (-1012 664 16 ) 
4 288 289 (-796 232 8 ) (-796 4 8 ) (-796 4 16 ) (-796 240 16 ) 
4 289 290 (-892 232 8 ) (-892 4 8 ) (-892 4 16 ) (-892 240 16 ) 
4 290 299 (-1012 64 8 ) (-1012 4 8 ) (-1012 4 16 ) (-1012 64 16 ) 
4 290 296 (-1012 376 8 ) (-1012 64 8 ) (-1012 64 16 ) (-1012 376 16 ) 
4 291 296 (-1012 960 112 ) (-1012 640 112 ) (-1216 640 112 ) (-1216 960 112 ) 
4 291 295 (-1012 1020.4607464607461 112 ) (-1012 960 112 ) (-1216 960 112 ) (-1216 1020.1981981981983 112 ) 
4 291 292 (-1184 640 112 ) (-1012 640 112 ) (-1012 640 128 ) (-1184 640 128 ) 
4 292 296 (-1184 640 112 ) (-1012 640 112 ) (-1012 448 112 ) (-1184 448 112 ) 
4 292 293 (-1184 448 112 ) (-1012 448 112 ) (-1012 448 128 ) (-1184 448 128 ) 
4 293 296 (-1216 448 112 ) (-1012 448 112 ) (-1012 64 112 ) (-1216 64 112 ) 
4 293 294 (-1216 64 112 ) (-1012 64 112 ) (-1012 64 128 ) (-1216 64 128 ) 
4 294 299 (-1216 64 112 ) (-1012 64 112 ) (-1012 4 112 ) (-1216 4 112 ) 
4 295 296 (-1012 960 8 ) (-1012 960 112 ) (-1216 960 112 ) (-1216 960 8 ) 
4 296 299 (-1012 64 8 ) (-1012 64 112 ) (-1216 64 112 ) (-1216 64 8 ) 
4 296 298 (-1216 128 8 ) (-1216 64 8 ) (-1216 64 112 ) (-1216 128 112 ) 
4 296 297 (-1216 960 112 ) (-1216 960 8 ) (-1216 896 8 ) (-1216 896 112 ) 
4 297 300 (-1248 960 8 ) (-1248 896 8 ) (-1248 896 112 ) (-1248 960 112 ) 
4 298 318 (-1248 128 8 ) (-1248 64 8 ) (-1248 64 112 ) (-1248 128 112 ) 
4 300 316 (-1312 1020.0746460746459 8 ) (-1312 760 8 ) (-1312 760 128 ) (-1312 1020.0746460746461 128 ) 
4 300 301 (-1312 760 128 ) (-1312 760 16 ) (-1248 760 16 ) (-1248 760 128 ) 
4 301 316 (-1312 752 16 ) (-1312 752 128 ) (-1312 760 128 ) (-1312 760 16 ) 
4 301 302 (-1312 752 128 ) (-1312 752 24 ) (-1248 752 24 ) (-1248 752 128 ) 
4 302 316 (-1312 744 24 ) (-1312 744 128 ) (-1312 752 128 ) (-1312 752 24 ) 
4 302 303 (-1312 744 128 ) (-1312 744 32 ) (-1248 744 32 ) (-1248 744 128 ) 
4 303 316 (-1312 736 32 ) (-1312 736 128 ) (-1312 744 128 ) (-1312 744 32 ) 
4 303 304 (-1312 736 128 ) (-1312 736 40 ) (-1248 736 40 ) (-1248 736 128 ) 
4 304 316 (-1312 728 40 ) (-1312 728 128 ) (-1312 736 128 ) (-1312 736 40 ) 
4 304 305 (-1312 728 128 ) (-1312 728 48 ) (-1248 728 48 ) (-1248 728 128 ) 
4 305 316 (-1312 720 48 ) (-1312 720 128 ) (-1312 728 128 ) (-1312 728 48 ) 
4 305 306 (-1312 720 128 ) (-1312 720 56 ) (-1248 720 56 ) (-1248 720 128 ) 
4 306 316 (-1312 712 56 ) (-1312 712 128 ) (-1312 720 128 ) (-1312 720 56 ) 
4 306 307 (-1312 712 128 ) (-1312 712 64 ) (-1248 712 64 ) (-1248 712 128 ) 
4 307 316 (-1312 704 64 ) (-1312 704 128 ) (-1312 712 128 ) (-1312 712 64 ) 
4 307 308 (-1312 704 128 ) (-1312 704 72 ) (-1248 704 72 ) (-1248 704 128 ) 
4 308 316 (-1312 696 72 ) (-1312 696 128 ) (-1312 704 128 ) (-1312 704 72 ) 
4 308 309 (-1312 696 128 ) (-1312 696 80 ) (-1248 696 80 ) (-1248 696 128 ) 
4 309 316 (-1312 688 80 ) (-1312 688 128 ) (-1312 696 128 ) (-1312 696 80 ) 
4 309 310 (-1312 688 128 ) (-1312 688 88 ) (-1248 688 88 ) (-1248 688 128 ) 
4 310 316 (-1312 680 88 ) (-1312 680 128 ) (-1312 688 128 ) (-1312 688 88 ) 
4 310 311 (-1312 680 128 ) (-1312 680 96 ) (-1248 680 96 ) (-1248 680 128 ) 
4 311 316 (-1312 672 96 ) (-1312 672 128 ) (-1312 680 128 ) (-1312 680 96 ) 
4 311 312 (-1312 672 128 ) (-1312 672 104 ) (-1248 672 104 ) (-1248 672 128 ) 
4 312 316 (-1312 664 104 ) (-1312 664 128 ) (-1312 672 128 ) (-1312 672 104 ) 
4 312 313 (-1312 664 128 ) (-1312 664 112 ) (-1248 664 112 ) (-1248 664 128 ) 
4 313 316 (-1312 656 112 ) (-1312 656 128 ) (-1312 664 128 ) (-1312 664 112 ) 
4 313 314 (-1312 656 128 ) (-1312 656 120 ) (-1248 656 120 ) (-1248 656 128 ) 
4 314 316 (-1312 648 120 ) (-1312 648 128 ) (-1312 656 128 ) (-1312 656 120 ) 
4 315 318 (-1252 448 8 ) (-1248 448 8 ) (-1248 448 112 ) (-1252 448 112 ) 
4 315 317 (-1312 640 8 ) (-1312 448 8 ) (-1312 448 112 ) (-1312 640 112 ) 
4 316 335 (-1316 1004.8125 8 ) (-1316 640 8 ) (-1316 640 128 ) (-1316 1004.8125 128 ) 
4 316 334 (-1316 1020.069498069498 8 ) (-1316 1004.8125 8 ) (-1316 1004.8125 128 ) (-1316 1020.0694980694981 128 ) 
4 316 317 (-1316 640 112 ) (-1316 640 8 ) (-1312 640 8 ) (-1312 640 112 ) 
4 317 336 (-1316 640 8 ) (-1316 448 8 ) (-1316 448 112 ) (-1316 640 112 ) 
4 318 333 (-1252 328 8 ) (-1252 4 8 ) (-1252 4 128 ) (-1252 328 128 ) 
4 318 332 (-1252 328 16 ) (-1252 328 128 ) (-1252 336 128 ) (-1252 336 16 ) 
4 318 331 (-1252 336 24 ) (-1252 336 128 ) (-1252 344 128 ) (-1252 344 24 ) 
4 318 330 (-1252 344 32 ) (-1252 344 128 ) (-1252 352 128 ) (-1252 352 32 ) 
4 318 329 (-1252 352 40 ) (-1252 352 128 ) (-1252 360 128 ) (-1252 360 40 ) 
4 318 328 (-1252 360 48 ) (-1252 360 128 ) (-1252 368 128 ) (-1252 368 48 ) 
4 318 327 (-1252 368 56 ) (-1252 368 128 ) (-1252 376 128 ) (-1252 376 56 ) 
4 318 326 (-1252 376 64 ) (-1252 376 128 ) (-1252 384 128 ) (-1252 384 64 ) 
4 318 325 (-1252 384 72 ) (-1252 384 128 ) (-1252 392 128 ) (-1252 392 72 ) 
4 318 324 (-1252 392 80 ) (-1252 392 128 ) (-1252 400 128 ) (-1252 400 80 ) 
4 318 323 (-1252 400 88 ) (-1252 400 128 ) (-1252 408 128 ) (-1252 408 88 ) 
4 318 322 (-1252 408 96 ) (-1252 408 128 ) (-1252 416 128 ) (-1252 416 96 ) 
4 318 321 (-1252 416 104 ) (-1252 416 128 ) (-1252 424 128 ) (-1252 424 104 ) 
4 318 320 (-1252 424 112 ) (-1252 424 128 ) (-1252 432 128 ) (-1252 432 112 ) 
4 318 319 (-1252 432 120 ) (-1252 432 128 ) (-1252 440 128 ) (-1252 440 120 ) 
4 319 337 (-1316 432 120 ) (-1316 432 128 ) (-1316 440 128 ) (-1316 440 120 ) 
4 319 320 (-1316 432 128 ) (-1316 432 120 ) (-1252 432 120 ) (-1252 432 128 ) 
4 320 337 (-1316 424 112 ) (-1316 424 128 ) (-1316 432 128 ) (-1316 432 112 ) 
4 320 321 (-1316 424 128 ) (-1316 424 112 ) (-1252 424 112 ) (-1252 424 128 ) 
4 321 337 (-1316 416 104 ) (-1316 416 128 ) (-1316 424 128 ) (-1316 424 104 ) 
4 321 322 (-1316 416 128 ) (-1316 416 104 ) (-1252 416 104 ) (-1252 416 128 ) 
4 322 337 (-1316 408 96 ) (-1316 408 128 ) (-1316 416 128 ) (-1316 416 96 ) 
4 322 323 (-1316 408 128 ) (-1316 408 96 ) (-1252 408 96 ) (-1252 408 128 ) 
4 323 337 (-1316 400 88 ) (-1316 400 128 ) (-1316 408 128 ) (-1316 408 88 ) 
4 323 324 (-1316 400 128 ) (-1316 400 88 ) (-1252 400 88 ) (-1252 400 128 ) 
4 324 337 (-1316 392 80 ) (-1316 392 128 ) (-1316 400 128 ) (-1316 400 80 ) 
4 324 325 (-1316 392 128 ) (-1316 392 80 ) (-1252 392 80 ) (-1252 392 128 ) 
4 325 337 (-1316 384 72 ) (-1316 384 128 ) (-1316 392 128 ) (-1316 392 72 ) 
4 325 326 (-1316 384 128 ) (-1316 384 72 ) (-1252 384 72 ) (-1252 384 128 ) 
4 326 337 (-1316 376 64 ) (-1316 376 128 ) (-1316 384 128 ) (-1316 384 64 ) 
4 326 327 (-1316 376 128 ) (-1316 376 64 ) (-1252 376 64 ) (-1252 376 128 ) 
4 327 337 (-1316 368 56 ) (-1316 368 128 ) (-1316 376 128 ) (-1316 376 56 ) 
4 327 328 (-1316 368 128 ) (-1316 368 56 ) (-1252 368 56 ) (-1252 368 128 ) 
4 328 337 (-1316 360 48 ) (-1316 360 128 ) (-1316 368 128 ) (-1316 368 48 ) 
4 328 329 (-1316 360 128 ) (-1316 360 48 ) (-1252 360 48 ) (-1252 360 128 ) 
4 329 337 (-1316 352 40 ) (-1316 352 128 ) (-1316 360 128 ) (-1316 360 40 ) 
4 329 330 (-1316 352 128 ) (-1316 352 40 ) (-1252 352 40 ) (-1252 352 128 ) 
4 330 337 (-1316 344 32 ) (-1316 344 128 ) (-1316 352 128 ) (-1316 352 32 ) 
4 330 331 (-1316 344 128 ) (-1316 344 32 ) (-1252 344 32 ) (-1252 344 128 ) 
4 331 337 (-1316 336 24 ) (-1316 336 128 ) (-1316 344 128 ) (-1316 344 24 ) 
4 331 332 (-1316 336 128 ) (-1316 336 24 ) (-1252 336 24 ) (-1252 336 128 ) 
4 332 337 (-1316 328 16 ) (-1316 328 128 ) (-1316 336 128 ) (-1316 336 16 ) 
4 332 333 (-1316 328 128 ) (-1316 328 16 ) (-1252 328 16 ) (-1252 328 128 ) 
4 333 337 (-1316 328 8 ) (-1316 4 8 ) (-1316 4 128 ) (-1316 328 128 ) 
4 334 335 (-1370 1020 8 ) (-1316 1004.8125 8 ) (-1316 1004.8125 128 ) (-1370 1020 128 ) 
4 335 336 (-1376 640 112 ) (-1376 640 8 ) (-1316 640 8 ) (-1316 640 112 ) 
4 336 337 (-1376 448 112 ) (-1376 448 8 ) (-1316 448 8 ) (-1316 448 112 ) 
